2023-12-15 16:28:26,507 [INFO] Activator:176 - 


2023-12-15 16:28:26,510 [INFO] Activator:177 - !SESSION log4j initialized
2023-12-15 16:28:29,516 [INFO] LogOutputStream:77 - [STDOUT_REDIRECT] 
2023-12-15 16:28:34,799 [INFO] ApplicationProperties:184 - Using Application install path: C:\ST\STM32CubeIDE_1.7.0\STM32CubeIDE\plugins\com.st.stm32cube.common.mx_6.8.0.202302231600
2023-12-15 16:28:34,834 [INFO] DbMcusXml:78 - Set database path to: C:\ST\STM32CubeIDE_1.7.0\STM32CubeIDE\plugins\com.st.stm32cube.common.mx_6.8.0.202302231600\\db\/mcu/
2023-12-15 16:28:34,834 [INFO] ApiDb:274 - Set plugin database path to: C:\ST\STM32CubeIDE_1.7.0\STM32CubeIDE\plugins\com.st.stm32cube.common.mx_6.8.0.202302231600\\db\/plugins/boardmanager/
2023-12-15 16:28:34,836 [WARN] ApiDb:259 - Overriding images path with different value:  => C:\ST\STM32CubeIDE_1.7.0\STM32CubeIDE\plugins\com.st.stm32cube.common.mx_6.8.0.202302231600\\db\/plugins/mcufinder/images/
2023-12-15 16:28:34,857 [INFO] ApiDb:250 - Set database path to: C:\Users\Huy\.stmcufinder\plugins\mcufinder//mcu/
2023-12-15 16:28:34,858 [INFO] DbMcusAds:125 - Set database path to: C:\Users\Huy\.stmcufinder\plugins\mcufinder//mcu/
2023-12-15 16:28:34,862 [INFO] CrossReferenceDbSqlite:203 - Set database path to: C:\Users\Huy\.stmcufinder\plugins\mcufinder//mcu/cs/
2023-12-15 16:28:35,001 [INFO] RulesReader:64 - Compatibility file has been processed (293 Rules)
2023-12-15 16:28:35,069 [INFO] DbMcusXml:78 - Set database path to: C:\ST\STM32CubeIDE_1.7.0\STM32CubeIDE\plugins\com.st.stm32cube.common.mx_6.8.0.202302231600\\db\/mcu/
2023-12-15 16:28:35,069 [INFO] ApiDb:274 - Set plugin database path to: C:\ST\STM32CubeIDE_1.7.0\STM32CubeIDE\plugins\com.st.stm32cube.common.mx_6.8.0.202302231600\\db\/plugins/boardmanager/
2023-12-15 16:28:35,069 [INFO] ApiDb:261 - Set plugin images path to: C:\ST\STM32CubeIDE_1.7.0\STM32CubeIDE\plugins\com.st.stm32cube.common.mx_6.8.0.202302231600\\db\/plugins/mcufinder/images/
2023-12-15 16:28:35,069 [WARN] DbFile:41 - Overriding database path with different value: C:\Users\Huy\.stmcufinder\plugins\mcufinder/ => C:\Users\Huy\.stmcufinder\plugins\mcufinder
2023-12-15 16:28:35,070 [INFO] ApiDb:250 - Set database path to: C:\Users\Huy\.stmcufinder\plugins\mcufinder//mcu/
2023-12-15 16:28:35,070 [WARN] DbFile:41 - Overriding database path with different value: C:\Users\Huy\.stmcufinder\plugins\mcufinder/ => C:\Users\Huy\.stmcufinder\plugins\mcufinder
2023-12-15 16:28:35,070 [INFO] DbMcusAds:125 - Set database path to: C:\Users\Huy\.stmcufinder\plugins\mcufinder//mcu/
2023-12-15 16:28:35,070 [WARN] DbFile:41 - Overriding database path with different value: C:\Users\Huy\.stmcufinder\plugins\mcufinder/ => C:\Users\Huy\.stmcufinder\plugins\mcufinder
2023-12-15 16:28:35,070 [WARN] DbFile:41 - Overriding database path with different value: C:\Users\Huy\.stmcufinder\plugins\mcufinder/ => C:\Users\Huy\.stmcufinder\plugins\mcufinder
2023-12-15 16:28:35,070 [INFO] CrossReferenceDbSqlite:203 - Set database path to: C:\Users\Huy\.stmcufinder\plugins\mcufinder//mcu/cs/
2023-12-15 16:28:35,142 [INFO] MainPanel:253 - HeapMemory: 268435456
2023-12-15 16:28:35,241 [INFO] DbMcusXml:78 - Set database path to: C:\ST\STM32CubeIDE_1.7.0\STM32CubeIDE\plugins\com.st.stm32cube.common.mx_6.8.0.202302231600\\db\/mcu/
2023-12-15 16:28:35,241 [INFO] ApiDb:274 - Set plugin database path to: C:\ST\STM32CubeIDE_1.7.0\STM32CubeIDE\plugins\com.st.stm32cube.common.mx_6.8.0.202302231600\\db\/plugins/boardmanager/
2023-12-15 16:28:35,241 [INFO] ApiDb:261 - Set plugin images path to: C:\ST\STM32CubeIDE_1.7.0\STM32CubeIDE\plugins\com.st.stm32cube.common.mx_6.8.0.202302231600\\db\/plugins/mcufinder/images/
2023-12-15 16:28:35,242 [WARN] DbFile:41 - Overriding database path with different value: C:\Users\Huy\.stmcufinder\plugins\mcufinder/ => C:\Users\Huy\.stmcufinder\plugins\mcufinder
2023-12-15 16:28:35,242 [INFO] ApiDb:250 - Set database path to: C:\Users\Huy\.stmcufinder\plugins\mcufinder//mcu/
2023-12-15 16:28:35,242 [WARN] DbFile:41 - Overriding database path with different value: C:\Users\Huy\.stmcufinder\plugins\mcufinder/ => C:\Users\Huy\.stmcufinder\plugins\mcufinder
2023-12-15 16:28:35,242 [INFO] DbMcusAds:125 - Set database path to: C:\Users\Huy\.stmcufinder\plugins\mcufinder//mcu/
2023-12-15 16:28:35,242 [WARN] DbFile:41 - Overriding database path with different value: C:\Users\Huy\.stmcufinder\plugins\mcufinder/ => C:\Users\Huy\.stmcufinder\plugins\mcufinder
2023-12-15 16:28:35,242 [WARN] DbFile:41 - Overriding database path with different value: C:\Users\Huy\.stmcufinder\plugins\mcufinder/ => C:\Users\Huy\.stmcufinder\plugins\mcufinder
2023-12-15 16:28:35,242 [INFO] CrossReferenceDbSqlite:203 - Set database path to: C:\Users\Huy\.stmcufinder\plugins\mcufinder//mcu/cs/
2023-12-15 16:28:35,259 [INFO] ApplicationProperties:184 - Using Application install path: C:\ST\STM32CubeIDE_1.7.0\STM32CubeIDE\plugins\com.st.stm32cube.common.mx_6.8.0.202302231600
2023-12-15 16:28:35,260 [INFO] PluginManage:196 - Search for loadable plugins [exclusion list=, ]
2023-12-15 16:28:35,261 [INFO] PluginManage:310 - Check plugin analytics
2023-12-15 16:28:35,404 [INFO] AnalyticsPlugin:253 - Accepted Software Licenses: 
2023-12-15 16:28:35,405 [INFO] AnalyticsPlugin:255 - Accepted CMSIS Pack Licenses: 
2023-12-15 16:28:35,405 [INFO] AnalyticsPlugin:257 - Accepted Firmware Licenses: FW.F4.1.27.0
2023-12-15 16:28:35,410 [INFO] PluginManage:359 - Loaded plugin analytics (category:tool,tabindex:-1)
2023-12-15 16:28:35,410 [INFO] PluginManage:310 - Check plugin cadmodel
2023-12-15 16:28:35,426 [INFO] CADModel:105 - Init CAD model plugin
2023-12-15 16:28:35,427 [INFO] PluginManage:359 - Loaded plugin cadmodel (category:power,tabindex:5)
2023-12-15 16:28:35,427 [INFO] PluginManage:310 - Check plugin clock
2023-12-15 16:28:35,448 [INFO] PluginManage:359 - Loaded plugin clock (category:base,tabindex:2)
2023-12-15 16:28:35,449 [INFO] PluginManage:310 - Check plugin ddr
2023-12-15 16:28:35,452 [INFO] PluginManage:359 - Loaded plugin ddr (category:tool,tabindex:6)
2023-12-15 16:28:35,452 [INFO] PluginManage:310 - Check plugin filemanager
2023-12-15 16:28:35,590 [INFO] PluginManage:359 - Loaded plugin filemanager (category:base,tabindex:10)
2023-12-15 16:28:35,590 [INFO] PluginManage:310 - Check plugin ipmanager
2023-12-15 16:28:35,598 [INFO] PluginManage:359 - Loaded plugin ipmanager (category:base,tabindex:5)
2023-12-15 16:28:35,598 [INFO] PluginManage:310 - Check plugin lpbam
2023-12-15 16:28:35,617 [INFO] PluginManage:359 - Loaded plugin lpbam (category:base,tabindex:0)
2023-12-15 16:28:35,617 [INFO] PluginManage:310 - Check plugin pinoutandconfiguration
2023-12-15 16:28:35,633 [INFO] PluginManage:359 - Loaded plugin pinoutandconfiguration (category:base,tabindex:1)
2023-12-15 16:28:35,633 [INFO] PluginManage:310 - Check plugin pinoutconfig
2023-12-15 16:28:35,737 [WARN] SupportedApi:132 - Cannot load RTOS API schema: s4s-elt-must-match.1: The content of 'definitions' must match (annotation?, (simpleType | complexType)?, (unique | key | keyref)*)). A problem was found starting at: attribute.
2023-12-15 16:28:35,898 [INFO] PluginManage:359 - Loaded plugin pinoutconfig (category:base,tabindex:0)
2023-12-15 16:28:35,899 [INFO] PluginManage:310 - Check plugin power
2023-12-15 16:28:35,952 [INFO] PluginManage:359 - Loaded plugin power (category:power,tabindex:4)
2023-12-15 16:28:35,952 [INFO] PluginManage:310 - Check plugin projectmanager
2023-12-15 16:28:35,970 [INFO] PluginManage:359 - Loaded plugin projectmanager (category:projectmanager,tabindex:3)
2023-12-15 16:28:35,970 [INFO] PluginManage:310 - Check plugin thirdparty
2023-12-15 16:28:36,213 [INFO] PluginManage:359 - Loaded plugin thirdparty (category:base,tabindex:-1)
2023-12-15 16:28:36,213 [INFO] PluginManage:310 - Check plugin tools
2023-12-15 16:28:36,213 [WARN] IntegrityCheckThread:84 - waiting for thirdparty lock release [integrity check]
2023-12-15 16:28:36,214 [INFO] IntegrityCheckThread:86 - entering critical section [integrity check]
2023-12-15 16:28:36,216 [INFO] ThirdPartyUpdaterWithRetryManager:70 - Updater plugin not ready yet. [1/15]
2023-12-15 16:28:36,236 [INFO] PluginManage:359 - Loaded plugin tools (category:base,tabindex:7)
2023-12-15 16:28:36,237 [INFO] PluginManage:310 - Check plugin tutovideos
2023-12-15 16:28:36,466 [INFO] PluginManage:359 - Loaded plugin tutovideos (category:base,tabindex:-1)
2023-12-15 16:28:36,466 [INFO] PluginManage:310 - Check plugin updater
2023-12-15 16:28:36,481 [INFO] PluginManage:359 - Loaded plugin updater (category:base,tabindex:12)
2023-12-15 16:28:36,481 [INFO] PluginManage:283 - PluginManage : Loaded plugins [15]
2023-12-15 16:28:36,732 [INFO] PinOutPanel:1499 - setPackage(No Configuration,No Configuration)
2023-12-15 16:28:36,790 [INFO] CADModel:165 - CPN selected for project level
2023-12-15 16:28:36,790 [INFO] CADModel:114 - Register for checkConnection events
2023-12-15 16:28:36,822 [INFO] IPUIPlugin:80 - create IPUIPlugin
2023-12-15 16:28:36,823 [INFO] PluginManager:220 - loadIPPluginJar : add adc
2023-12-15 16:28:36,857 [INFO] IPUIPlugin:80 - create IPUIPlugin
2023-12-15 16:28:36,857 [INFO] PluginManager:220 - loadIPPluginJar : add aes
2023-12-15 16:28:36,885 [INFO] IPUIPlugin:80 - create IPUIPlugin
2023-12-15 16:28:36,885 [INFO] PluginManager:220 - loadIPPluginJar : add can
2023-12-15 16:28:36,904 [INFO] IPUIPlugin:80 - create IPUIPlugin
2023-12-15 16:28:36,904 [INFO] PluginManager:220 - loadIPPluginJar : add comp
2023-12-15 16:28:36,930 [INFO] IPUIPlugin:80 - create IPUIPlugin
2023-12-15 16:28:36,930 [INFO] PluginManager:220 - loadIPPluginJar : add cryp
2023-12-15 16:28:36,955 [INFO] IPUIPlugin:80 - create IPUIPlugin
2023-12-15 16:28:36,955 [INFO] PluginManager:220 - loadIPPluginJar : add dfsdm
2023-12-15 16:28:36,971 [INFO] IPUIPlugin:80 - create IPUIPlugin
2023-12-15 16:28:36,972 [INFO] PluginManager:220 - loadIPPluginJar : add dma
2023-12-15 16:28:37,005 [INFO] IPUIPlugin:80 - create IPUIPlugin
2023-12-15 16:28:37,005 [INFO] PluginManager:220 - loadIPPluginJar : add dma3
2023-12-15 16:28:37,021 [INFO] IPUIPlugin:80 - create IPUIPlugin
2023-12-15 16:28:37,021 [INFO] PluginManager:220 - loadIPPluginJar : add fatfs
2023-12-15 16:28:37,060 [INFO] IPUIPlugin:80 - create IPUIPlugin
2023-12-15 16:28:37,060 [INFO] PluginManager:220 - loadIPPluginJar : add fmc
2023-12-15 16:28:37,079 [INFO] IPUIPlugin:80 - create IPUIPlugin
2023-12-15 16:28:37,079 [INFO] PluginManager:220 - loadIPPluginJar : add freertos
2023-12-15 16:28:37,098 [INFO] IPUIPlugin:80 - create IPUIPlugin
2023-12-15 16:28:37,098 [INFO] PluginManager:220 - loadIPPluginJar : add genericplugin
2023-12-15 16:28:37,175 [INFO] IPUIPlugin:80 - create IPUIPlugin
2023-12-15 16:28:37,175 [INFO] PluginManager:220 - loadIPPluginJar : add gfxmmu
2023-12-15 16:28:37,278 [INFO] IPUIPlugin:80 - create IPUIPlugin
2023-12-15 16:28:37,278 [INFO] PluginManager:220 - loadIPPluginJar : add gic
2023-12-15 16:28:37,294 [INFO] IPUIPlugin:80 - create IPUIPlugin
2023-12-15 16:28:37,295 [INFO] PluginManager:220 - loadIPPluginJar : add gpio
2023-12-15 16:28:37,377 [INFO] IPUIPlugin:80 - create IPUIPlugin
2023-12-15 16:28:37,377 [INFO] PluginManager:220 - loadIPPluginJar : add gtzc
2023-12-15 16:28:37,405 [INFO] IPUIPlugin:80 - create IPUIPlugin
2023-12-15 16:28:37,406 [INFO] PluginManager:220 - loadIPPluginJar : add hash
2023-12-15 16:28:37,469 [INFO] IPUIPlugin:80 - create IPUIPlugin
2023-12-15 16:28:37,469 [INFO] PluginManager:220 - loadIPPluginJar : add i2c
2023-12-15 16:28:37,509 [INFO] IPUIPlugin:80 - create IPUIPlugin
2023-12-15 16:28:37,509 [INFO] PluginManager:220 - loadIPPluginJar : add i2s
2023-12-15 16:28:37,551 [INFO] IPUIPlugin:80 - create IPUIPlugin
2023-12-15 16:28:37,551 [INFO] PluginManager:220 - loadIPPluginJar : add i3c
2023-12-15 16:28:37,630 [INFO] IPUIPlugin:80 - create IPUIPlugin
2023-12-15 16:28:37,630 [INFO] PluginManager:220 - loadIPPluginJar : add ipddr
2023-12-15 16:28:37,706 [INFO] IPUIPlugin:80 - create IPUIPlugin
2023-12-15 16:28:37,706 [INFO] PluginManager:220 - loadIPPluginJar : add linkedlist
2023-12-15 16:28:37,735 [INFO] IPUIPlugin:80 - create IPUIPlugin
2023-12-15 16:28:37,735 [INFO] PluginManager:220 - loadIPPluginJar : add lorawan
2023-12-15 16:28:37,764 [INFO] IPUIPlugin:80 - create IPUIPlugin
2023-12-15 16:28:37,764 [INFO] PluginManager:220 - loadIPPluginJar : add ltdc
2023-12-15 16:28:37,777 [INFO] IPUIPlugin:80 - create IPUIPlugin
2023-12-15 16:28:37,777 [INFO] PluginManager:220 - loadIPPluginJar : add mdma
2023-12-15 16:28:37,795 [INFO] IPUIPlugin:80 - create IPUIPlugin
2023-12-15 16:28:37,796 [INFO] PluginManager:220 - loadIPPluginJar : add nvic
2023-12-15 16:28:37,823 [INFO] IPUIPlugin:80 - create IPUIPlugin
2023-12-15 16:28:37,823 [INFO] PluginManager:220 - loadIPPluginJar : add opamp
2023-12-15 16:28:37,871 [INFO] IPUIPlugin:80 - create IPUIPlugin
2023-12-15 16:28:37,872 [INFO] PluginManager:220 - loadIPPluginJar : add openamp
2023-12-15 16:28:37,910 [INFO] IPUIPlugin:80 - create IPUIPlugin
2023-12-15 16:28:37,910 [INFO] PluginManager:220 - loadIPPluginJar : add pdm2pcm
2023-12-15 16:28:37,924 [INFO] IPUIPlugin:80 - create IPUIPlugin
2023-12-15 16:28:37,927 [INFO] PluginManager:220 - loadIPPluginJar : add plateformsettings
2023-12-15 16:28:37,949 [INFO] IPUIPlugin:80 - create IPUIPlugin
2023-12-15 16:28:37,950 [INFO] PluginManager:220 - loadIPPluginJar : add quadspi
2023-12-15 16:28:37,967 [INFO] IPUIPlugin:80 - create IPUIPlugin
2023-12-15 16:28:37,967 [INFO] PluginManager:220 - loadIPPluginJar : add resmgrutility
2023-12-15 16:28:38,007 [INFO] IPUIPlugin:80 - create IPUIPlugin
2023-12-15 16:28:38,007 [INFO] PluginManager:220 - loadIPPluginJar : add sai
2023-12-15 16:28:38,038 [INFO] IPUIPlugin:80 - create IPUIPlugin
2023-12-15 16:28:38,038 [INFO] PluginManager:220 - loadIPPluginJar : add spi
2023-12-15 16:28:38,084 [INFO] IPUIPlugin:80 - create IPUIPlugin
2023-12-15 16:28:38,084 [INFO] PluginManager:220 - loadIPPluginJar : add stm32_wpan
2023-12-15 16:28:38,103 [INFO] IPUIPlugin:80 - create IPUIPlugin
2023-12-15 16:28:38,103 [INFO] PluginManager:220 - loadIPPluginJar : add tim
2023-12-15 16:28:38,147 [INFO] IPUIPlugin:80 - create IPUIPlugin
2023-12-15 16:28:38,147 [INFO] PluginManager:220 - loadIPPluginJar : add touchsensing
2023-12-15 16:28:38,166 [INFO] IPUIPlugin:80 - create IPUIPlugin
2023-12-15 16:28:38,166 [INFO] PluginManager:220 - loadIPPluginJar : add tracer_emb
2023-12-15 16:28:38,185 [INFO] IPUIPlugin:80 - create IPUIPlugin
2023-12-15 16:28:38,185 [INFO] PluginManager:220 - loadIPPluginJar : add ts
2023-12-15 16:28:38,202 [INFO] IPUIPlugin:80 - create IPUIPlugin
2023-12-15 16:28:38,203 [INFO] PluginManager:220 - loadIPPluginJar : add tsc
2023-12-15 16:28:38,222 [INFO] IPUIPlugin:80 - create IPUIPlugin
2023-12-15 16:28:38,222 [INFO] PluginManager:220 - loadIPPluginJar : add ucpd
2023-12-15 16:28:38,255 [INFO] IPUIPlugin:80 - create IPUIPlugin
2023-12-15 16:28:38,255 [INFO] PluginManager:220 - loadIPPluginJar : add usart
2023-12-15 16:28:38,293 [INFO] IPUIPlugin:80 - create IPUIPlugin
2023-12-15 16:28:38,293 [INFO] PluginManager:220 - loadIPPluginJar : add usbx
2023-12-15 16:28:38,419 [INFO] CADModel:165 - CPN selected for project level
2023-12-15 16:28:38,419 [INFO] CADModel:114 - Register for checkConnection events
2023-12-15 16:28:38,419 [FATAL] Updater:308 - Updater called before beeing initialized
2023-12-15 16:28:38,419 [ERROR] CADModel:125 - Updater not yet initialized, retry later 
2023-12-15 16:28:38,619 [INFO] CADModel:165 - CPN selected for project level
2023-12-15 16:28:38,619 [INFO] CADModel:114 - Register for checkConnection events
2023-12-15 16:28:38,620 [FATAL] Updater:308 - Updater called before beeing initialized
2023-12-15 16:28:38,620 [ERROR] CADModel:125 - Updater not yet initialized, retry later 
2023-12-15 16:28:38,622 [FATAL] Updater:308 - Updater called before beeing initialized
2023-12-15 16:28:38,724 [FATAL] Updater:308 - Updater called before beeing initialized
2023-12-15 16:28:38,737 [INFO] DbMcusAds:53 - JSON generation date=Wed Nov 29 17:52:27 ICT 2023 (1701255147349)
2023-12-15 16:28:38,737 [FATAL] Updater:308 - Updater called before beeing initialized
2023-12-15 16:28:38,813 [WARN] DetailPanel:346 - Failed to get advertising image, set to default
2023-12-15 16:28:38,904 [FATAL] Updater:308 - Updater called before beeing initialized
2023-12-15 16:28:38,907 [FATAL] Updater:308 - Updater called before beeing initialized
2023-12-15 16:28:38,907 [FATAL] Updater:308 - Updater called before beeing initialized
2023-12-15 16:28:38,907 [WARN] DetailPanel:346 - Failed to get advertising image, set to default
2023-12-15 16:28:38,907 [FATAL] Updater:308 - Updater called before beeing initialized
2023-12-15 16:28:38,968 [ERROR] Updater:1120 - MainUpdater not yet initialized. External WinMGr cannot be set.
2023-12-15 16:28:38,975 [INFO] Updater:1056 - Updater Version found : 6.8.0
2023-12-15 16:28:38,993 [INFO] ApplicationProperties:184 - Using Application install path: C:\ST\STM32CubeIDE_1.7.0\STM32CubeIDE\plugins\com.st.stm32cube.common.mx_6.8.0.202302231600
2023-12-15 16:28:39,200 [INFO] MainUpdater:2854 - connection check result : 10
2023-12-15 16:28:39,201 [INFO] MainUpdater:283 - Updater Check For Update Now.
2023-12-15 16:28:39,201 [INFO] MicroXplorer:498 - Change Database Version : DB.6.0.80
2023-12-15 16:28:39,219 [WARN] MainUpdater:1187 - Updater busy. Cannot search thirdparties
2023-12-15 16:28:39,220 [INFO] ThirdPartyUpdaterWithRetryManager:96 - Updater plugin is busy. [1/15]
2023-12-15 16:28:39,399 [INFO] CheckServerUpdateThread:120 - End of CheckServer Thread
2023-12-15 16:28:39,440 [INFO] MainUpdater:2854 - connection check result : 10
2023-12-15 16:28:40,099 [INFO] ApiDb:581 - Connected to CubeFinder SQLite database (C:\Users\Huy\.stmcufinder\plugins\mcufinder\mcu\cube-finder-db.db)
2023-12-15 16:28:40,228 [INFO] ApiDb:668 - CubeFinder database Data Model version=2.1
2023-12-15 16:28:40,228 [INFO] ApiDb:669 - CubeFinder database Configuration version=3.0.39
2023-12-15 16:28:40,228 [INFO] ApiDb:670 - CubeFinder database generation date=2023-11-06 (1699269565)
2023-12-15 16:28:40,229 [INFO] ApiDb:671 - CubeFinder database FW Pack versions=[FP-ATR-ASTRA1_V2.0.0, FP-SNS-FLIGHT1_V5.0.1, FP-SNS-FLIGHT1_V5.0.2, FP-SNS-MOTENV1_V4.3.1, FP-SNS-MOTENV1_V4.3.2, FP-SNS-MOTENVWB1_V1.3.0, FP-SNS-SMARTAG2_V1.2.0, STM32Cube_FW_C0_V1.1.0, STM32Cube_FW_F4_V1.28.0, STM32Cube_FW_F7_V1.17.0, STM32Cube_FW_G0_V1.6.1, STM32Cube_FW_G4_V1.5.1, STM32Cube_FW_H5_V0.5.1, STM32Cube_FW_H5_V1.1.1, STM32Cube_FW_H5_V1.2.0RC2, STM32Cube_FW_H7_V1.11.0, STM32Cube_FW_L0_V1.12.2, STM32Cube_FW_L5_V1.5.0, STM32Cube_FW_U5_V1.3.0RC4, STM32Cube_FW_U5_V1.4.0, STM32Cube_FW_WBA_V1.0.0RC1, STM32Cube_FW_WBA_V1.1.0RC1, STM32Cube_FW_WBA_V1.2.0, STM32Cube_FW_WBA_V1.2.0RC2, STM32Cube_FW_WB_V1.15.0RC1, STM32Cube_FW_WB_V1.16.0, STM32Cube_FW_WB_V1.16.0RC2, STM32Cube_FW_WB_V1.18.0, STM32Cube_FW_WL_V1.3.0, X-CUBE-ALGOBUILD_V1.3.0, X-CUBE-ALS_V1.0.1, X-CUBE-AZRTOS-F4_V1.1.0, X-CUBE-AZRTOS-F7_V1.1.0, X-CUBE-AZRTOS-G0_V1.1.0, X-CUBE-AZRTOS-G4_V2.0.0, X-CUBE-AZRTOS-H7_V3.1.0, X-CUBE-AZRTOS-L4_V1.0.0, X-CUBE-AZRTOS-L4_V2.0.0, X-CUBE-AZRTOS-L5_V1.1.0, X-CUBE-AZRTOS-WB_V2.0.0, X-CUBE-AZRTOS-WL_V2.0.0, X-CUBE-BLE1_V7.0.0, X-CUBE-BLE2_V3.3.0, X-CUBE-BLEMGR_V2.0.0, X-CUBE-EEPRMA1_V4.1.0, X-CUBE-EEPRMA1_V4.2.0, X-CUBE-FREERTOS_V1.1.0, X-CUBE-GNSS1_V6.0.0, X-CUBE-MEMS1_V10.0.0, X-CUBE-MEMS1_V9.1.0, X-CUBE-MEMS1_V9.4.0, X-CUBE-MEMS1_V9.6.0, X-CUBE-NFC4_V3.0.0, X-CUBE-NFC7_V1.0.1, X-CUBE-SFXS2LP1_V4.0.0, X-CUBE-SUBG2_V5.0.0, X-CUBE-TOF1_V3.3.1]
2023-12-15 16:28:40,451 [INFO] DbBoardsSqlite:226 - include board P-NUCLEO-WB55-NUCLEO as a kit item of type 'Nucleo-64'
2023-12-15 16:28:40,452 [INFO] DbBoardsSqlite:226 - include board P-NUCLEO-WB55-USBDONGLE as a kit item of type 'Nucleo USB Dongle'
2023-12-15 16:28:40,454 [INFO] DbBoardsSqlite:226 - include board STEVAL-IDP005V1 as a kit item of type 'Evaluation Board'
2023-12-15 16:28:40,455 [INFO] DbBoardsSqlite:226 - include board STEVAL-IDP005V2 as a kit item of type 'Evaluation Board'
2023-12-15 16:28:41,122 [INFO] ApiDb:240 - Found 297 in-development CPN: [B-G473E-ZEST1S, B-WB1M-WPAN1, B-WL5M-SUBG1, NUCLEO-C031C6, NUCLEO-H503RB, NUCLEO-H563ZI, NUCLEO-U545RE-Q, NUCLEO-U5A5ZJ-Q, NUCLEO-WBA52CG, STEVAL-PROTEUS1, STEVAL-STWINBX1, STM320518-EVAL, STM32C0116-DK, STM32C011D6Y3TR, STM32C011D6Y6TR, STM32C011F4P3, STM32C011F4P6, STM32C011F4U3, STM32C011F4U6TR, STM32C011F6P3, STM32C011F6P6, STM32C011F6U3, STM32C011F6U6TR, STM32C011J4M3, STM32C011J4M6, STM32C011J6M3, STM32C011J6M6, STM32C0316-DK, STM32C031C4T3, STM32C031C4T6, STM32C031C4U3, STM32C031C4U6, STM32C031C6T3, STM32C031C6T6, STM32C031C6U3, STM32C031C6U6, STM32C031F4P3, STM32C031F4P6, STM32C031F6P3, STM32C031F6P6, STM32C031G4U3, STM32C031G4U6, STM32C031G6U3, STM32C031G6U6, STM32C031K4T3, STM32C031K4T6, STM32C031K4U3, STM32C031K4U6, STM32C031K6T3, STM32C031K6T6, STM32C031K6U3, STM32C031K6U6, STM32G071K8TXN, STM32G071K8UXN, STM32G081GBU6N, STM32G081KBT6N, STM32G081KBUXN, STM32G0B1CCT6N, STM32G0B1KCT6, STM32G0B1NEY6TR, STM32G0B1RCT6N, STM32G0C1CCT6, STM32G0C1CCT6N, STM32G0C1CCU6N, STM32G0C1CET6N, STM32G0C1CEU6N, STM32G0C1KCT6, STM32G0C1NEY6TR, STM32G0C1RCI6N, STM32G0C1RCT6N, STM32G0C1REI6N, STM32G0C1RET6N, STM32G0C1VCI6, STM32G0C1VEI6, STM32G471CCT6, STM32G471CCU6, STM32G471CET3, STM32G471CET6, STM32G471CEU3, STM32G471CEU6, STM32G471MCT6, STM32G471MET3, STM32G471MET6, STM32G471MEY6TR, STM32G471QCT6, STM32G471QET3, STM32G471RCT6, STM32G471RET3, STM32G471RET6, STM32G471VCH6, STM32G471VCI6, STM32G471VCT6, STM32G471VEH3, STM32G471VEH6, STM32G471VEI3, STM32G471VEI6, STM32G471VET3, STM32G471VET6, STM32G474CCT6, STM32H503CBT6, STM32H503CBU6, STM32H503EBY6TR, STM32H503KBU6, STM32H503RBT6, STM32H562AGI6, STM32H562AII6, STM32H562IGK6, STM32H562IGT6, STM32H562IIK6, STM32H562IIT6, STM32H562RGT6, STM32H562RGV6, STM32H562RIT6, STM32H562RIV6, STM32H562VGT6, STM32H562VIT6, STM32H562ZGT6, STM32H562ZIT6, STM32H563AGI6, STM32H563AII3Q, STM32H563AII6, STM32H563IGK6, STM32H563IGT6, STM32H563IIK3Q, STM32H563IIK6, STM32H563IIT3Q, STM32H563IIT6, STM32H563MIY3QTR, STM32H563RGT6, STM32H563RGV6, STM32H563RIT6, STM32H563RIV6, STM32H563VGT6, STM32H563VIT3Q, STM32H563VIT6, STM32H563ZGT6, STM32H563ZIT3Q, STM32H563ZIT6, STM32H573AII3Q, STM32H573AII6, STM32H573I-DK, STM32H573IIK3Q, STM32H573IIK6, STM32H573IIT3Q, STM32H573IIT6, STM32H573MIY3QTR, STM32H573RIT6, STM32H573RIV6, STM32H573VIT3Q, STM32H573VIT6, STM32H573ZIT3Q, STM32H573ZIT6, STM32L4R5QGI6STR, STM32MP131AAE3, STM32MP131AAF3, STM32MP131AAG3, STM32MP131CAE3, STM32MP131CAF3, STM32MP131CAG3, STM32MP131DAE7, STM32MP131DAF7, STM32MP131DAG7, STM32MP131FAE7, STM32MP131FAF7, STM32MP131FAG7, STM32MP133AAE3, STM32MP133AAF3, STM32MP133AAG3, STM32MP133CAE3, STM32MP133CAF3, STM32MP133CAG3, STM32MP133DAE7, STM32MP133DAF7, STM32MP133DAG7, STM32MP133FAE7, STM32MP133FAF7, STM32MP133FAG7, STM32MP135AAE3, STM32MP135AAF3, STM32MP135AAG3, STM32MP135CAE3, STM32MP135CAF3, STM32MP135CAG3, STM32MP135DAE7, STM32MP135DAF7, STM32MP135DAG7, STM32MP135F-DK, STM32MP135FAE7, STM32MP135FAF7, STM32MP135FAF7T, STM32MP135FAF7U, STM32MP135FAG7, STM32U535CBT6, STM32U535CBT6Q, STM32U535CBU6, STM32U535CBU6Q, STM32U535CCT6, STM32U535CCT6Q, STM32U535CCU6, STM32U535CCU6Q, STM32U535CET6, STM32U535CET6Q, STM32U535CEU6, STM32U535CEU6Q, STM32U535JEY6QTR, STM32U535NCY6QTR, STM32U535NEY6QTR, STM32U535RBI6, STM32U535RBI6Q, STM32U535RBT6, STM32U535RBT6Q, STM32U535RCI6, STM32U535RCI6Q, STM32U535RCT6, STM32U535RCT6Q, STM32U535REI6, STM32U535REI6Q, STM32U535RET6, STM32U535RET6Q, STM32U535VCI6, STM32U535VCI6Q, STM32U535VCT6, STM32U535VCT6Q, STM32U535VEI6, STM32U535VEI6Q, STM32U535VET6, STM32U535VET6Q, STM32U545CET6, STM32U545CET6Q, STM32U545CEU6, STM32U545CEU6Q, STM32U545JEY6QTR, STM32U545NEY6QTR, STM32U545REI6, STM32U545REI6Q, STM32U545RET6, STM32U545RET6Q, STM32U545VEI6, STM32U545VEI6Q, STM32U545VET6, STM32U545VET6Q, STM32U595AIH6, STM32U595AIH6Q, STM32U595AJH6, STM32U595AJH6Q, STM32U595QII6, STM32U595QII6Q, STM32U595QJI6, STM32U595QJI6Q, STM32U595RIT6, STM32U595RIT6Q, STM32U595RJT6, STM32U595RJT6Q, STM32U595VIT6, STM32U595VIT6Q, STM32U595VJT6, STM32U595VJT6Q, STM32U595ZIT6, STM32U595ZIT6Q, STM32U595ZIY6QTR, STM32U595ZJT6, STM32U595ZJT6Q, STM32U595ZJY6QTR, STM32U599BJY6QTR, STM32U599NIH6Q, STM32U599NJH6Q, STM32U599VIT6Q, STM32U599VJT6, STM32U599VJT6Q, STM32U599ZIT6Q, STM32U599ZIY6QTR, STM32U599ZJT6Q, STM32U599ZJY6QTR, STM32U5A5AJH6, STM32U5A5AJH6Q, STM32U5A5QJI6, STM32U5A5QJI6Q, STM32U5A5RJT6, STM32U5A5RJT6Q, STM32U5A5VJT6, STM32U5A5VJT6Q, STM32U5A5ZJT6, STM32U5A5ZJT6Q, STM32U5A5ZJY6QTR, STM32U5A9BJY6QTR, STM32U5A9J-DK, STM32U5A9NJH6Q, STM32U5A9VJT6Q, STM32U5A9ZJT6Q, STM32U5A9ZJY6QTR, STM32WB1MMCH6, STM32WBA52CEU6, STM32WBA52CEU6T, STM32WBA52CGU6, STM32WBA52CGU6T, STM32WL5MOCH6, STM32WL5MOCH6TR]
2023-12-15 16:28:41,127 [INFO] ApiDb:668 - CubeFinder database Data Model version=2.1
2023-12-15 16:28:41,127 [INFO] ApiDb:669 - CubeFinder database Configuration version=3.0.39
2023-12-15 16:28:41,127 [INFO] ApiDb:670 - CubeFinder database generation date=2023-11-06 (1699269565)
2023-12-15 16:28:41,127 [INFO] ApiDb:671 - CubeFinder database FW Pack versions=[FP-ATR-ASTRA1_V2.0.0, FP-SNS-FLIGHT1_V5.0.1, FP-SNS-FLIGHT1_V5.0.2, FP-SNS-MOTENV1_V4.3.1, FP-SNS-MOTENV1_V4.3.2, FP-SNS-MOTENVWB1_V1.3.0, FP-SNS-SMARTAG2_V1.2.0, STM32Cube_FW_C0_V1.1.0, STM32Cube_FW_F4_V1.28.0, STM32Cube_FW_F7_V1.17.0, STM32Cube_FW_G0_V1.6.1, STM32Cube_FW_G4_V1.5.1, STM32Cube_FW_H5_V0.5.1, STM32Cube_FW_H5_V1.1.1, STM32Cube_FW_H5_V1.2.0RC2, STM32Cube_FW_H7_V1.11.0, STM32Cube_FW_L0_V1.12.2, STM32Cube_FW_L5_V1.5.0, STM32Cube_FW_U5_V1.3.0RC4, STM32Cube_FW_U5_V1.4.0, STM32Cube_FW_WBA_V1.0.0RC1, STM32Cube_FW_WBA_V1.1.0RC1, STM32Cube_FW_WBA_V1.2.0, STM32Cube_FW_WBA_V1.2.0RC2, STM32Cube_FW_WB_V1.15.0RC1, STM32Cube_FW_WB_V1.16.0, STM32Cube_FW_WB_V1.16.0RC2, STM32Cube_FW_WB_V1.18.0, STM32Cube_FW_WL_V1.3.0, X-CUBE-ALGOBUILD_V1.3.0, X-CUBE-ALS_V1.0.1, X-CUBE-AZRTOS-F4_V1.1.0, X-CUBE-AZRTOS-F7_V1.1.0, X-CUBE-AZRTOS-G0_V1.1.0, X-CUBE-AZRTOS-G4_V2.0.0, X-CUBE-AZRTOS-H7_V3.1.0, X-CUBE-AZRTOS-L4_V1.0.0, X-CUBE-AZRTOS-L4_V2.0.0, X-CUBE-AZRTOS-L5_V1.1.0, X-CUBE-AZRTOS-WB_V2.0.0, X-CUBE-AZRTOS-WL_V2.0.0, X-CUBE-BLE1_V7.0.0, X-CUBE-BLE2_V3.3.0, X-CUBE-BLEMGR_V2.0.0, X-CUBE-EEPRMA1_V4.1.0, X-CUBE-EEPRMA1_V4.2.0, X-CUBE-FREERTOS_V1.1.0, X-CUBE-GNSS1_V6.0.0, X-CUBE-MEMS1_V10.0.0, X-CUBE-MEMS1_V9.1.0, X-CUBE-MEMS1_V9.4.0, X-CUBE-MEMS1_V9.6.0, X-CUBE-NFC4_V3.0.0, X-CUBE-NFC7_V1.0.1, X-CUBE-SFXS2LP1_V4.0.0, X-CUBE-SUBG2_V5.0.0, X-CUBE-TOF1_V3.3.1]
2023-12-15 16:28:42,405 [WARN] PackLoader:240 - Cannot read IP mode file for STMicroelectronics.X-CUBE-SMBUS.2.1.0
2023-12-15 16:28:42,458 [WARN] PackLoader:240 - Cannot read IP mode file for STMicroelectronics.X-CUBE-AZRTOS-F7.1.1.0
2023-12-15 16:28:42,475 [WARN] PackLoader:240 - Cannot read IP mode file for STMicroelectronics.FP-SNS-MOTENV1.4.3.2
2023-12-15 16:28:42,490 [WARN] PackLoader:240 - Cannot read IP mode file for STMicroelectronics.X-CUBE-BLE1.6.2.3
2023-12-15 16:28:42,503 [WARN] PackLoader:240 - Cannot read IP mode file for STMicroelectronics.X-CUBE-BLE1.6.2.4
2023-12-15 16:28:42,514 [WARN] PackLoader:240 - Cannot read IP mode file for STMicroelectronics.FP-SNS-FLIGHT1.5.0.2
2023-12-15 16:28:42,534 [WARN] PackLoader:240 - Cannot read IP mode file for STMicroelectronics.X-CUBE-TOF1.3.1.0
2023-12-15 16:28:42,553 [WARN] PackLoader:240 - Cannot read IP mode file for STMicroelectronics.X-CUBE-DISPLAY.3.0.0
2023-12-15 16:28:42,567 [WARN] PackLoader:240 - Cannot read IP mode file for STMicroelectronics.X-CUBE-BLE1.7.0.0
2023-12-15 16:28:42,580 [WARN] PackLoader:240 - Cannot read IP mode file for STMicroelectronics.X-CUBE-TOUCHGFX.4.22.0
2023-12-15 16:28:42,591 [WARN] PackLoader:240 - Cannot read IP mode file for STMicroelectronics.X-CUBE-TOUCHGFX.4.22.1
2023-12-15 16:28:42,643 [WARN] PackLoader:240 - Cannot read IP mode file for STMicroelectronics.X-CUBE-MEMS1.9.3.0
2023-12-15 16:28:42,670 [INFO] ApiDb:240 - Found 297 in-development CPN: [B-G473E-ZEST1S, B-WB1M-WPAN1, B-WL5M-SUBG1, NUCLEO-C031C6, NUCLEO-H503RB, NUCLEO-H563ZI, NUCLEO-U545RE-Q, NUCLEO-U5A5ZJ-Q, NUCLEO-WBA52CG, STEVAL-PROTEUS1, STEVAL-STWINBX1, STM320518-EVAL, STM32C0116-DK, STM32C011D6Y3TR, STM32C011D6Y6TR, STM32C011F4P3, STM32C011F4P6, STM32C011F4U3, STM32C011F4U6TR, STM32C011F6P3, STM32C011F6P6, STM32C011F6U3, STM32C011F6U6TR, STM32C011J4M3, STM32C011J4M6, STM32C011J6M3, STM32C011J6M6, STM32C0316-DK, STM32C031C4T3, STM32C031C4T6, STM32C031C4U3, STM32C031C4U6, STM32C031C6T3, STM32C031C6T6, STM32C031C6U3, STM32C031C6U6, STM32C031F4P3, STM32C031F4P6, STM32C031F6P3, STM32C031F6P6, STM32C031G4U3, STM32C031G4U6, STM32C031G6U3, STM32C031G6U6, STM32C031K4T3, STM32C031K4T6, STM32C031K4U3, STM32C031K4U6, STM32C031K6T3, STM32C031K6T6, STM32C031K6U3, STM32C031K6U6, STM32G071K8TXN, STM32G071K8UXN, STM32G081GBU6N, STM32G081KBT6N, STM32G081KBUXN, STM32G0B1CCT6N, STM32G0B1KCT6, STM32G0B1NEY6TR, STM32G0B1RCT6N, STM32G0C1CCT6, STM32G0C1CCT6N, STM32G0C1CCU6N, STM32G0C1CET6N, STM32G0C1CEU6N, STM32G0C1KCT6, STM32G0C1NEY6TR, STM32G0C1RCI6N, STM32G0C1RCT6N, STM32G0C1REI6N, STM32G0C1RET6N, STM32G0C1VCI6, STM32G0C1VEI6, STM32G471CCT6, STM32G471CCU6, STM32G471CET3, STM32G471CET6, STM32G471CEU3, STM32G471CEU6, STM32G471MCT6, STM32G471MET3, STM32G471MET6, STM32G471MEY6TR, STM32G471QCT6, STM32G471QET3, STM32G471RCT6, STM32G471RET3, STM32G471RET6, STM32G471VCH6, STM32G471VCI6, STM32G471VCT6, STM32G471VEH3, STM32G471VEH6, STM32G471VEI3, STM32G471VEI6, STM32G471VET3, STM32G471VET6, STM32G474CCT6, STM32H503CBT6, STM32H503CBU6, STM32H503EBY6TR, STM32H503KBU6, STM32H503RBT6, STM32H562AGI6, STM32H562AII6, STM32H562IGK6, STM32H562IGT6, STM32H562IIK6, STM32H562IIT6, STM32H562RGT6, STM32H562RGV6, STM32H562RIT6, STM32H562RIV6, STM32H562VGT6, STM32H562VIT6, STM32H562ZGT6, STM32H562ZIT6, STM32H563AGI6, STM32H563AII3Q, STM32H563AII6, STM32H563IGK6, STM32H563IGT6, STM32H563IIK3Q, STM32H563IIK6, STM32H563IIT3Q, STM32H563IIT6, STM32H563MIY3QTR, STM32H563RGT6, STM32H563RGV6, STM32H563RIT6, STM32H563RIV6, STM32H563VGT6, STM32H563VIT3Q, STM32H563VIT6, STM32H563ZGT6, STM32H563ZIT3Q, STM32H563ZIT6, STM32H573AII3Q, STM32H573AII6, STM32H573I-DK, STM32H573IIK3Q, STM32H573IIK6, STM32H573IIT3Q, STM32H573IIT6, STM32H573MIY3QTR, STM32H573RIT6, STM32H573RIV6, STM32H573VIT3Q, STM32H573VIT6, STM32H573ZIT3Q, STM32H573ZIT6, STM32L4R5QGI6STR, STM32MP131AAE3, STM32MP131AAF3, STM32MP131AAG3, STM32MP131CAE3, STM32MP131CAF3, STM32MP131CAG3, STM32MP131DAE7, STM32MP131DAF7, STM32MP131DAG7, STM32MP131FAE7, STM32MP131FAF7, STM32MP131FAG7, STM32MP133AAE3, STM32MP133AAF3, STM32MP133AAG3, STM32MP133CAE3, STM32MP133CAF3, STM32MP133CAG3, STM32MP133DAE7, STM32MP133DAF7, STM32MP133DAG7, STM32MP133FAE7, STM32MP133FAF7, STM32MP133FAG7, STM32MP135AAE3, STM32MP135AAF3, STM32MP135AAG3, STM32MP135CAE3, STM32MP135CAF3, STM32MP135CAG3, STM32MP135DAE7, STM32MP135DAF7, STM32MP135DAG7, STM32MP135F-DK, STM32MP135FAE7, STM32MP135FAF7, STM32MP135FAF7T, STM32MP135FAF7U, STM32MP135FAG7, STM32U535CBT6, STM32U535CBT6Q, STM32U535CBU6, STM32U535CBU6Q, STM32U535CCT6, STM32U535CCT6Q, STM32U535CCU6, STM32U535CCU6Q, STM32U535CET6, STM32U535CET6Q, STM32U535CEU6, STM32U535CEU6Q, STM32U535JEY6QTR, STM32U535NCY6QTR, STM32U535NEY6QTR, STM32U535RBI6, STM32U535RBI6Q, STM32U535RBT6, STM32U535RBT6Q, STM32U535RCI6, STM32U535RCI6Q, STM32U535RCT6, STM32U535RCT6Q, STM32U535REI6, STM32U535REI6Q, STM32U535RET6, STM32U535RET6Q, STM32U535VCI6, STM32U535VCI6Q, STM32U535VCT6, STM32U535VCT6Q, STM32U535VEI6, STM32U535VEI6Q, STM32U535VET6, STM32U535VET6Q, STM32U545CET6, STM32U545CET6Q, STM32U545CEU6, STM32U545CEU6Q, STM32U545JEY6QTR, STM32U545NEY6QTR, STM32U545REI6, STM32U545REI6Q, STM32U545RET6, STM32U545RET6Q, STM32U545VEI6, STM32U545VEI6Q, STM32U545VET6, STM32U545VET6Q, STM32U595AIH6, STM32U595AIH6Q, STM32U595AJH6, STM32U595AJH6Q, STM32U595QII6, STM32U595QII6Q, STM32U595QJI6, STM32U595QJI6Q, STM32U595RIT6, STM32U595RIT6Q, STM32U595RJT6, STM32U595RJT6Q, STM32U595VIT6, STM32U595VIT6Q, STM32U595VJT6, STM32U595VJT6Q, STM32U595ZIT6, STM32U595ZIT6Q, STM32U595ZIY6QTR, STM32U595ZJT6, STM32U595ZJT6Q, STM32U595ZJY6QTR, STM32U599BJY6QTR, STM32U599NIH6Q, STM32U599NJH6Q, STM32U599VIT6Q, STM32U599VJT6, STM32U599VJT6Q, STM32U599ZIT6Q, STM32U599ZIY6QTR, STM32U599ZJT6Q, STM32U599ZJY6QTR, STM32U5A5AJH6, STM32U5A5AJH6Q, STM32U5A5QJI6, STM32U5A5QJI6Q, STM32U5A5RJT6, STM32U5A5RJT6Q, STM32U5A5VJT6, STM32U5A5VJT6Q, STM32U5A5ZJT6, STM32U5A5ZJT6Q, STM32U5A5ZJY6QTR, STM32U5A9BJY6QTR, STM32U5A9J-DK, STM32U5A9NJH6Q, STM32U5A9VJT6Q, STM32U5A9ZJT6Q, STM32U5A9ZJY6QTR, STM32WB1MMCH6, STM32WBA52CEU6, STM32WBA52CEU6T, STM32WBA52CGU6, STM32WBA52CGU6T, STM32WL5MOCH6, STM32WL5MOCH6TR]
2023-12-15 16:28:42,677 [INFO] DbMcus:216 - Found 3861 MCUs, 3861 are supported
2023-12-15 16:28:42,681 [INFO] ApiDb:423 - Load user favorites file C:\Users\Huy/.stm32cubeide/favorites.mcus.txt: 0 item(s)
2023-12-15 16:28:42,681 [INFO] ApiDb:427 - User favorites MCUs=[]
2023-12-15 16:28:42,681 [INFO] DbMcus:222 - Set 0 / 0 favorites MCUs
2023-12-15 16:28:42,800 [WARN] PackLoader:240 - Cannot read IP mode file for STMicroelectronics.X-CUBE-AI.7.2.0
2023-12-15 16:28:42,812 [WARN] PackLoader:240 - Cannot read IP mode file for STMicroelectronics.FP-SNS-SMARTAG2.1.2.0
2023-12-15 16:28:42,831 [INFO] LogOutputStream:77 - [STDOUT_REDIRECT] 1 : Invalid condition id : UX_CORESTACK_Condition cause : null
2023-12-15 16:28:42,831 [INFO] LogOutputStream:77 - [STDOUT_REDIRECT] 1 : Invalid condition id : UX_CORESTACK_Condition cause : null
2023-12-15 16:28:42,832 [INFO] LogOutputStream:77 - [STDOUT_REDIRECT] 1 : Invalid condition id : UX_CORESTACK_Condition cause : null
2023-12-15 16:28:42,833 [INFO] LogOutputStream:77 - [STDOUT_REDIRECT] 1 : Invalid condition id : UX_CORESTACK_Condition cause : null
2023-12-15 16:28:42,834 [INFO] LogOutputStream:77 - [STDOUT_REDIRECT] 1 : Invalid condition id : UX_CORESTACK_Condition cause : null
2023-12-15 16:28:42,836 [WARN] PackLoader:240 - Cannot read IP mode file for STMicroelectronics.X-CUBE-AZRTOS-WL.2.0.0
2023-12-15 16:28:42,851 [WARN] PackLoader:240 - Cannot read IP mode file for WES.I-CUBE-Cesium.1.3.0
2023-12-15 16:28:42,861 [WARN] PackLoader:240 - Cannot read IP mode file for STMicroelectronics.X-CUBE-BLE2.3.3.0
2023-12-15 16:28:42,873 [WARN] PackLoader:240 - Cannot read IP mode file for STMicroelectronics.X-CUBE-DISPLAY.2.2.0
2023-12-15 16:28:42,908 [WARN] PackLoader:240 - Cannot read IP mode file for STMicroelectronics.X-CUBE-TOF1.3.2.0
2023-12-15 16:28:42,950 [WARN] PackLoader:240 - Cannot read IP mode file for STMicroelectronics.X-CUBE-ISPU.1.0.0
2023-12-15 16:28:42,977 [WARN] PackLoader:240 - Cannot read IP mode file for STMicroelectronics.X-CUBE-AZRTOS-H7.2.1.0
2023-12-15 16:28:42,987 [WARN] PackLoader:240 - Cannot read IP mode file for STMicroelectronics.X-CUBE-TOUCHGFX.4.21.1
2023-12-15 16:28:42,997 [WARN] PackLoader:240 - Cannot read IP mode file for STMicroelectronics.X-CUBE-TOUCHGFX.4.21.0
2023-12-15 16:28:43,006 [WARN] PackLoader:240 - Cannot read IP mode file for STMicroelectronics.X-CUBE-TOUCHGFX.4.21.3
2023-12-15 16:28:43,057 [WARN] PackLoader:240 - Cannot read IP mode file for STMicroelectronics.X-CUBE-MEMS1.9.4.0
2023-12-15 16:28:43,103 [INFO] BoardInfo:880 - No configuration file found for board P-NUCLEO-WB55
2023-12-15 16:28:43,103 [INFO] DbBoards:157 - Kit is not supported: P-NUCLEO-WB55
2023-12-15 16:28:43,107 [INFO] BoardInfo:880 - No configuration file found for board STEVAL-BFA001V1B
2023-12-15 16:28:43,107 [INFO] DbBoards:157 - Kit is not supported: STEVAL-BFA001V1B
2023-12-15 16:28:43,108 [INFO] BoardInfo:880 - No configuration file found for board STEVAL-BFA001V2B
2023-12-15 16:28:43,108 [INFO] DbBoards:157 - Kit is not supported: STEVAL-BFA001V2B
2023-12-15 16:28:43,111 [INFO] BoardInfo:880 - No configuration file found for board STEVAL-MKBOXPRO
2023-12-15 16:28:43,111 [INFO] DbBoards:157 - Board is not supported: STEVAL-MKBOXPRO
2023-12-15 16:28:43,113 [INFO] BoardInfo:880 - No configuration file found for board STEVAL-SMARTAG2
2023-12-15 16:28:43,114 [INFO] DbBoards:157 - Board is not supported: STEVAL-SMARTAG2
2023-12-15 16:28:43,165 [WARN] PackLoader:240 - Cannot read IP mode file for STMicroelectronics.X-CUBE-AI.7.3.0
2023-12-15 16:28:43,176 [WARN] PackLoader:240 - Cannot read IP mode file for STMicroelectronics.X-CUBE-ALGOBUILD.1.3.0
2023-12-15 16:28:43,199 [INFO] DbBoards:161 - Found 189 boards, 184 are supported
2023-12-15 16:28:43,200 [WARN] PackLoader:240 - Cannot read IP mode file for STMicroelectronics.X-CUBE-AZRTOS-G0.1.1.0
2023-12-15 16:28:43,202 [INFO] ApiDb:423 - Load user favorites file C:\Users\Huy/.stm32cubeide/favorites.boards.txt: 0 item(s)
2023-12-15 16:28:43,202 [INFO] ApiDb:427 - User favorites Boards=[]
2023-12-15 16:28:43,202 [INFO] DbBoards:190 - Set 0 / 0 favorites Boards
2023-12-15 16:28:43,203 [INFO] McuFinderGlobals:66 - Set McuFinderConnectedMode to true
2023-12-15 16:28:43,210 [INFO] MultiScanPanel:200 - Auto-refresh data requested => check proxy status ongoing
2023-12-15 16:28:43,213 [WARN] PackLoader:240 - Cannot read IP mode file for STMicroelectronics.X-CUBE-NFC4.3.0.0
2023-12-15 16:28:43,214 [INFO] FinderPluginLoader:95 - Searching for filters in installed packs
2023-12-15 16:28:43,247 [WARN] PackLoader:240 - Cannot read IP mode file for SEGGER.I-CUBE-embOS.1.2.0
2023-12-15 16:28:43,282 [WARN] PackLoader:240 - Cannot read IP mode file for STMicroelectronics.X-CUBE-BLEMGR.3.0.0
2023-12-15 16:28:43,297 [WARN] PackLoader:240 - Cannot read IP mode file for STMicroelectronics.X-CUBE-BLEMGR.1.3.0
2023-12-15 16:28:43,309 [WARN] PackLoader:240 - Cannot read IP mode file for STMicroelectronics.FP-ATR-SIGFOX1.3.2.0
2023-12-15 16:28:43,321 [WARN] PackLoader:240 - Cannot read IP mode file for emotas.I-CUBE-CANOPEN.1.1.2
2023-12-15 16:28:43,332 [WARN] PackLoader:240 - Cannot read IP mode file for STMicroelectronics.X-CUBE-TOUCHGFX.4.20.0
2023-12-15 16:28:43,373 [WARN] PackLoader:240 - Cannot read IP mode file for STMicroelectronics.X-CUBE-MEMS1.9.5.0
2023-12-15 16:28:43,488 [WARN] PackLoader:240 - Cannot read IP mode file for SEGGER.I-CUBE-embOS.1.3.1
2023-12-15 16:28:43,529 [WARN] PackLoader:240 - Cannot read IP mode file for STMicroelectronics.X-CUBE-GNSS1.6.0.0
2023-12-15 16:28:43,550 [WARN] PackLoader:240 - Cannot read IP mode file for STMicroelectronics.X-CUBE-AZRTOS-F4.1.1.0
2023-12-15 16:28:43,564 [WARN] PackLoader:240 - Cannot read IP mode file for STMicroelectronics.X-CUBE-BLEMGR.1.2.0
2023-12-15 16:28:43,587 [WARN] PackLoader:240 - Cannot read IP mode file for STMicroelectronics.X-CUBE-AZRTOS-L5.2.0.0
2023-12-15 16:28:43,623 [WARN] PackLoader:240 - Cannot read IP mode file for STMicroelectronics.X-CUBE-MEMS1.9.6.0
2023-12-15 16:28:43,734 [WARN] PackLoader:240 - Cannot read IP mode file for STMicroelectronics.X-CUBE-EEPRMA1.4.2.0
2023-12-15 16:28:43,747 [WARN] PackLoader:240 - Cannot read IP mode file for ITTIA_DB.I-CUBE-ITTIADB.8.8.0
2023-12-15 16:28:43,759 [WARN] PackLoader:240 - Cannot read IP mode file for STMicroelectronics.X-CUBE-BLEMGR.2.0.0
2023-12-15 16:28:43,772 [WARN] PackLoader:240 - Cannot read IP mode file for STMicroelectronics.X-CUBE-NFC4.2.0.5
2023-12-15 16:28:43,781 [WARN] PackLoader:240 - Cannot read IP mode file for STMicroelectronics.X-CUBE-NFC4.2.0.4
2023-12-15 16:28:43,804 [WARN] ConditionMgr:438 - getConditionDescription Invalid condition id : UX DEVICE CLASS RTOS Condition cause : null
2023-12-15 16:28:43,805 [WARN] ConditionMgr:438 - getConditionDescription Invalid condition id : UX DEVICE CLASS RTOS Condition cause : null
2023-12-15 16:28:43,808 [WARN] PackLoader:240 - Cannot read IP mode file for STMicroelectronics.X-CUBE-AZRTOS-H7.3.1.0
2023-12-15 16:28:43,810 [WARN] ConditionMgr:1039 - genDependencies : Invalid condition id : UX DEVICE CLASS RTOS Condition cause : null
2023-12-15 16:28:43,810 [WARN] ConditionMgr:1039 - genDependencies : Invalid condition id : UX DEVICE CLASS RTOS Condition cause : null
2023-12-15 16:28:43,810 [WARN] ConditionMgr:1039 - genDependencies : Invalid condition id : UX DEVICE CLASS RTOS Condition cause : null
2023-12-15 16:28:43,811 [WARN] ConditionMgr:1039 - genDependencies : Invalid condition id : UX DEVICE CLASS RTOS Condition cause : null
2023-12-15 16:28:43,811 [WARN] ConditionMgr:1039 - genDependencies : Invalid condition id : UX DEVICE CLASS RTOS Condition cause : null
2023-12-15 16:28:43,821 [WARN] PackLoader:240 - Cannot read IP mode file for wolfSSL.I-CUBE-wolfSSL.5.5.0
2023-12-15 16:28:43,833 [WARN] PackLoader:240 - Cannot read IP mode file for STMicroelectronics.X-CUBE-NFC7.1.0.1
2023-12-15 16:28:43,844 [WARN] PackLoader:240 - Cannot read IP mode file for STMicroelectronics.X-CUBE-NFC7.1.0.0
2023-12-15 16:28:43,857 [WARN] PackLoader:240 - Cannot read IP mode file for STMicroelectronics.X-CUBE-NFC6.3.0.0
2023-12-15 16:28:43,868 [WARN] PackLoader:240 - Cannot read IP mode file for STMicroelectronics.X-CUBE-EEPRMA1.4.1.0
2023-12-15 16:28:43,878 [WARN] PackLoader:240 - Cannot read IP mode file for STMicroelectronics.X-CUBE-AI.8.1.0
2023-12-15 16:28:43,901 [WARN] ConditionMgr:438 - getConditionDescription Invalid condition id : LAN8742 Phy interface Condition cause : null
2023-12-15 16:28:43,902 [WARN] PackLoader:240 - Cannot read IP mode file for STMicroelectronics.X-CUBE-AZRTOS-L4.2.0.0
2023-12-15 16:28:43,903 [WARN] ConditionMgr:1039 - genDependencies : Invalid condition id : LAN8742 Phy interface Condition cause : null
2023-12-15 16:28:43,903 [WARN] ConditionMgr:1039 - genDependencies : Invalid condition id : LAN8742 Phy interface Condition cause : null
2023-12-15 16:28:43,904 [WARN] ConditionMgr:1039 - genDependencies : Invalid condition id : LAN8742 Phy interface Condition cause : null
2023-12-15 16:28:43,917 [WARN] PackLoader:240 - Cannot read IP mode file for STMicroelectronics.X-CUBE-SFXS2LP1.4.0.0
2023-12-15 16:28:43,949 [WARN] PackLoader:240 - Cannot read IP mode file for STMicroelectronics.X-CUBE-AZRTOS-H7.3.0.0
2023-12-15 16:28:43,963 [WARN] PackLoader:240 - Cannot read IP mode file for STMicroelectronics.X-CUBE-ISPU.1.1.0
2023-12-15 16:28:43,976 [WARN] PackLoader:240 - Cannot read IP mode file for RoweBots.I-CUBE-UNISONRTOS.5.5.0-4
2023-12-15 16:28:43,988 [WARN] PackLoader:240 - Cannot read IP mode file for STMicroelectronics.X-CUBE-AI.8.0.0
2023-12-15 16:28:44,014 [WARN] ConditionMgr:438 - getConditionDescription Invalid condition id : UX DEVICE CLASS RTOS Condition cause : null
2023-12-15 16:28:44,014 [WARN] ConditionMgr:438 - getConditionDescription Invalid condition id : UX DEVICE CLASS RTOS Condition cause : null
2023-12-15 16:28:44,016 [WARN] PackLoader:240 - Cannot read IP mode file for STMicroelectronics.X-CUBE-AZRTOS-WB.2.0.0
2023-12-15 16:28:44,017 [WARN] ConditionMgr:1039 - genDependencies : Invalid condition id : UX DEVICE CLASS RTOS Condition cause : null
2023-12-15 16:28:44,017 [WARN] ConditionMgr:1039 - genDependencies : Invalid condition id : UX DEVICE CLASS RTOS Condition cause : null
2023-12-15 16:28:44,017 [WARN] ConditionMgr:1039 - genDependencies : Invalid condition id : UX DEVICE CLASS RTOS Condition cause : null
2023-12-15 16:28:44,017 [WARN] ConditionMgr:1039 - genDependencies : Invalid condition id : UX DEVICE CLASS RTOS Condition cause : null
2023-12-15 16:28:44,017 [WARN] ConditionMgr:1039 - genDependencies : Invalid condition id : UX DEVICE CLASS RTOS Condition cause : null
2023-12-15 16:28:44,031 [WARN] PackLoader:240 - Cannot read IP mode file for STMicroelectronics.X-CUBE-FREERTOS.1.0.0
2023-12-15 16:28:44,042 [WARN] PackLoader:240 - Cannot read IP mode file for STMicroelectronics.X-CUBE-FREERTOS.1.0.1
2023-12-15 16:28:44,055 [WARN] PackLoader:240 - Cannot read IP mode file for STMicroelectronics.X-CUBE-BLEMGR.1.0.0
2023-12-15 16:28:44,082 [WARN] PackLoader:240 - Cannot read IP mode file for STMicroelectronics.X-CUBE-AZRTOS-L5.1.1.0
2023-12-15 16:28:44,123 [WARN] PackLoader:240 - Cannot read IP mode file for STMicroelectronics.X-CUBE-SUBG2.5.0.0
2023-12-15 16:28:44,143 [WARN] PackLoader:240 - Cannot read IP mode file for STMicroelectronics.X-CUBE-TOF1.3.3.1
2023-12-15 16:28:44,164 [WARN] PackLoader:240 - Cannot read IP mode file for STMicroelectronics.X-CUBE-AZRTOS-G4.2.0.0
2023-12-15 16:28:44,179 [WARN] PackLoader:240 - Cannot read IP mode file for STMicroelectronics.X-CUBE-TOF1.3.3.0
2023-12-15 16:28:44,194 [WARN] PackLoader:240 - Cannot read IP mode file for STMicroelectronics.FP-ATR-ASTRA1.1.1.1
2023-12-15 16:28:44,211 [WARN] PackLoader:240 - Cannot read IP mode file for Infineon.AIROC-Wi-Fi-Bluetooth-STM32.1.5.1
2023-12-15 16:28:44,224 [WARN] PackLoader:240 - Cannot read IP mode file for STMicroelectronics.FP-SNS-MOTENVWB1.1.3.0
2023-12-15 16:28:44,238 [WARN] PackLoader:240 - Cannot read IP mode file for STMicroelectronics.FP-SNS-MOTENVWB1.1.3.1
2023-12-15 16:28:44,259 [WARN] PackLoader:240 - Cannot read IP mode file for STMicroelectronics.X-CUBE-AZRTOS-G4.1.0.0
2023-12-15 16:28:44,303 [WARN] PackLoader:240 - Cannot read IP mode file for STMicroelectronics.X-CUBE-AZRTOS-L4.1.0.0
2023-12-15 16:28:44,320 [WARN] PackLoader:240 - Cannot read IP mode file for STMicroelectronics.X-CUBE-ISPU.2.0.0
2023-12-15 16:28:44,374 [WARN] PackLoader:240 - Cannot read IP mode file for STMicroelectronics.X-CUBE-MEMS1.10.0.0
2023-12-15 16:28:44,522 [WARN] PackLoader:240 - Cannot read IP mode file for STMicroelectronics.X-CUBE-FREERTOS.1.1.0
2023-12-15 16:28:44,536 [WARN] PackLoader:240 - Cannot read IP mode file for STMicroelectronics.X-CUBE-AZRTOS-WL.1.0.0
2023-12-15 16:28:44,548 [WARN] PackLoader:240 - Cannot read IP mode file for portGmbH.I-Cube-SoM-uGOAL.1.1.0
2023-12-15 16:28:44,557 [WARN] PackLoader:240 - Cannot read IP mode file for STMicroelectronics.X-CUBE-ALS.1.0.1
2023-12-15 16:28:44,581 [WARN] PackLoader:240 - Cannot read IP mode file for STMicroelectronics.X-CUBE-AZRTOS-WB.1.1.0
2023-12-15 16:28:44,609 [WARN] PackLoader:240 - Cannot read IP mode file for STMicroelectronics.X-CUBE-AZRTOS-L5.1.0.0
2023-12-15 16:28:44,620 [WARN] PackLoader:240 - Cannot read IP mode file for STMicroelectronics.X-CUBE-EEPRMA1.3.1.1
2023-12-15 16:28:44,629 [WARN] PackLoader:240 - Cannot read IP mode file for STMicroelectronics.FP-ATR-ASTRA1.2.0.0
2023-12-15 16:28:44,644 [WARN] PackLoader:240 - Cannot read IP mode file for STMicroelectronics.X-CUBE-TOF1.3.4.0
2023-12-15 16:28:44,677 [WARN] PackLoader:240 - Cannot read IP mode file for STMicroelectronics.X-CUBE-AZRTOS-H7.3.2.0
2023-12-15 16:28:44,681 [INFO] ThirdParty:978 - Integrity check success = true
2023-12-15 16:28:44,681 [INFO] IntegrityCheckThread:100 - exiting critical section [integrity check]
2023-12-15 16:28:44,681 [INFO] IntegrityCheckThread:103 - End integrity checks thread
2023-12-15 16:28:44,799 [INFO] LoadUrlFilesThread:185 - End of LoadServerUrlFiles without Thread
2023-12-15 16:28:44,821 [INFO] DetailPanel:341 - Set advertising image to C:/Users/Huy/STM32Cube/Repository/\en.prom-stm32wl3-mcu-finder.jpg
2023-12-15 16:28:45,407 [INFO] ToolPreferences:110 - Table McuList, key=mcufinder_cubeide.mculist: column name not found=IO
2023-12-15 16:28:45,407 [INFO] ToolPreferences:110 - Table McuList, key=mcufinder_cubeide.mculist: column name not found=Freq.
2023-12-15 16:28:51,178 [ERROR] LogOutputStream:75 - [STDERR_REDIRECT] SLF4J: Failed to load class "org.slf4j.impl.StaticLoggerBinder".
2023-12-15 16:28:51,179 [ERROR] LogOutputStream:75 - [STDERR_REDIRECT] SLF4J: Defaulting to no-operation (NOP) logger implementation
2023-12-15 16:28:51,180 [ERROR] LogOutputStream:75 - [STDERR_REDIRECT] SLF4J: See http://www.slf4j.org/codes.html#StaticLoggerBinder for further details.
2023-12-15 16:29:29,570 [INFO] MainUpdater:2854 - connection check result : 10
2023-12-15 16:29:29,570 [INFO] MainUpdater:2854 - connection check result : 10
2023-12-15 16:29:29,612 [INFO] MicroXplorer:468 - Change Database Path : 
2023-12-15 16:29:29,613 [INFO] MicroXplorer:498 - Change Database Version : DB.6.0.80
2023-12-15 16:29:29,614 [WARN] ThirdParty:871 - waiting for thirdparty lock release [close project]
2023-12-15 16:29:29,614 [INFO] ThirdParty:873 - entering critical section [close project]
2023-12-15 16:29:29,616 [INFO] ThirdParty:883 - exiting critical section [close project]
2023-12-15 16:29:29,622 [INFO] PinOutPanel:1499 - setPackage(No Configuration,No Configuration)
2023-12-15 16:29:29,628 [INFO] UtilMem:75 - Begin LoadConfig() Used Memory: 336899584 Bytes (380633088)
2023-12-15 16:29:29,630 [INFO] MicroXplorer:468 - Change Database Path : 
2023-12-15 16:29:29,630 [INFO] MicroXplorer:498 - Change Database Version : DB.6.0.80
2023-12-15 16:29:29,630 [INFO] OpenFileManager:308 - Change cursor
2023-12-15 16:29:29,671 [INFO] Mcu:1937 - Initializing MCU STM32F103C6Ux STM32F103C6Ux 
2023-12-15 16:29:29,672 [INFO] Mcu:1950 - No CPN specified => set CPN to STM32F103C6U6A
2023-12-15 16:29:30,392 [INFO] Context:659 - Trying to add GPIOservice into a context  which must be forbidden
2023-12-15 16:29:30,580 [INFO] ImportTextPane:194 - (OptionalMessage_ERROR) Unable to find key (Mcu.ThirdPartyNb) in loaded IOC file
2023-12-15 16:29:30,581 [INFO] ImportTextPane:194 - (OptionalMessage_ERROR) Unable to find key (Mcu.PinsNb) in loaded IOC file
2023-12-15 16:29:30,581 [INFO] ImportTextPane:194 - (OptionalMessage_ERROR) Unable to find key (Mcu.IPNb) in loaded IOC file
2023-12-15 16:29:30,800 [INFO] RtosManager:555 - Registered RTOS mode: class=CMSIS, group=RTOS, mode=CMSIS_V1, owner=FREERTOS
2023-12-15 16:29:30,800 [INFO] RtosManager:555 - Registered RTOS mode: class=CMSIS, group=RTOS2, mode=CMSIS_V2, owner=FREERTOS
2023-12-15 16:29:30,800 [INFO] RtosManager:555 - Registered RTOS mode: class=RTOS, group=Core, mode=CMSIS_V1, owner=FREERTOS
2023-12-15 16:29:30,800 [INFO] RtosManager:555 - Registered RTOS mode: class=RTOS, group=Core, mode=CMSIS_V2, owner=FREERTOS
2023-12-15 16:29:30,801 [WARN] ModelIntegratedComponent:184 - Missing modes for component STMicroelectronics:FreeRTOS:0.0.1:STMicroelectronics:RTOS:FreeRTOS:Core:::10.2.0:
2023-12-15 16:29:30,809 [WARN] ModelIntegratedComponent:63 - No mode defined for component null
2023-12-15 16:29:30,810 [WARN] ModelIntegratedComponent:63 - No mode defined for component null
2023-12-15 16:29:30,810 [WARN] ModelIntegratedComponent:63 - No mode defined for component null
2023-12-15 16:29:30,810 [WARN] ModelIntegratedComponent:63 - No mode defined for component null
2023-12-15 16:29:30,810 [WARN] ModelIntegratedComponent:63 - No mode defined for component null
2023-12-15 16:29:30,810 [WARN] ModelIntegratedComponent:63 - No mode defined for component null
2023-12-15 16:29:30,810 [WARN] ModelIntegratedComponent:63 - No mode defined for component null
2023-12-15 16:29:30,810 [WARN] ModelIntegratedComponent:63 - No mode defined for component null
2023-12-15 16:29:30,810 [WARN] ModelIntegratedComponent:63 - No mode defined for component null
2023-12-15 16:29:30,810 [WARN] ModelIntegratedComponent:63 - No mode defined for component null
2023-12-15 16:29:30,810 [WARN] ModelIntegratedComponent:63 - No mode defined for component null
2023-12-15 16:29:30,810 [WARN] ModelIntegratedComponent:63 - No mode defined for component null
2023-12-15 16:29:30,810 [WARN] ModelIntegratedComponent:63 - No mode defined for component null
2023-12-15 16:29:30,810 [WARN] ModelIntegratedComponent:63 - No mode defined for component null
2023-12-15 16:29:30,811 [WARN] ModelIntegratedComponent:63 - No mode defined for component null
2023-12-15 16:29:30,811 [WARN] ModelIntegratedComponent:63 - No mode defined for component null
2023-12-15 16:29:30,811 [WARN] ModelIntegratedComponent:63 - No mode defined for component null
2023-12-15 16:29:30,811 [WARN] ModelIntegratedComponent:63 - No mode defined for component null
2023-12-15 16:29:30,811 [WARN] ModelIntegratedComponent:63 - No mode defined for component null
2023-12-15 16:29:30,811 [WARN] ModelIntegratedComponent:63 - No mode defined for component null
2023-12-15 16:29:30,811 [WARN] ModelIntegratedComponent:63 - No mode defined for component null
2023-12-15 16:29:30,811 [WARN] ModelIntegratedComponent:63 - No mode defined for component null
2023-12-15 16:29:30,811 [WARN] ModelIntegratedComponent:63 - No mode defined for component null
2023-12-15 16:29:30,811 [WARN] ModelIntegratedComponent:63 - No mode defined for component null
2023-12-15 16:29:30,811 [WARN] ModelIntegratedComponent:63 - No mode defined for component null
2023-12-15 16:29:30,811 [WARN] ModelIntegratedComponent:63 - No mode defined for component null
2023-12-15 16:29:30,811 [WARN] ModelIntegratedComponent:63 - No mode defined for component null
2023-12-15 16:29:30,811 [WARN] ModelIntegratedComponent:63 - No mode defined for component null
2023-12-15 16:29:30,811 [WARN] ModelIntegratedComponent:63 - No mode defined for component null
2023-12-15 16:29:30,812 [WARN] ModelIntegratedComponent:63 - No mode defined for component null
2023-12-15 16:29:30,812 [WARN] ModelIntegratedComponent:63 - No mode defined for component null
2023-12-15 16:29:30,812 [WARN] ModelIntegratedComponent:63 - No mode defined for component null
2023-12-15 16:29:30,812 [WARN] ModelIntegratedComponent:63 - No mode defined for component null
2023-12-15 16:29:31,216 [INFO] ThirdPartyModel:298 - Start build external matchings
2023-12-15 16:29:33,302 [INFO] ThirdPartyModel:316 - End build external matchings
2023-12-15 16:29:33,483 [INFO] UtilMem:75 - End LoadConfig() Used Memory: 499483128 Bytes (586153984)
2023-12-15 16:29:33,504 [WARN] ThirdParty:833 - waiting for thirdparty lock release [change project]
2023-12-15 16:29:33,504 [INFO] ThirdParty:835 - entering critical section [change project]
2023-12-15 16:29:33,504 [INFO] ThirdParty:1030 - CMSIS Pack Vendor :STMicroelectronics X-CUBE-GNSS1 6.0.0
2023-12-15 16:29:33,504 [INFO] ThirdParty:1030 - CMSIS Pack Vendor :STMicroelectronics USB_HOST 2.0.0
2023-12-15 16:29:33,505 [INFO] ThirdParty:1030 - CMSIS Pack Vendor :STMicroelectronics X-CUBE-AZRTOS-F4 1.1.0
2023-12-15 16:29:33,505 [INFO] ThirdParty:1030 - CMSIS Pack Vendor :STMicroelectronics LIBJPEG 8.0.0
2023-12-15 16:29:33,505 [INFO] ThirdParty:1030 - CMSIS Pack Vendor :STMicroelectronics X-CUBE-SMBUS 2.1.0
2023-12-15 16:29:33,505 [INFO] ThirdParty:1030 - CMSIS Pack Vendor :STMicroelectronics X-CUBE-BLEMGR 1.2.0
2023-12-15 16:29:33,505 [INFO] ThirdParty:1030 - CMSIS Pack Vendor :STMicroelectronics X-CUBE-AZRTOS-F7 1.1.0
2023-12-15 16:29:33,505 [INFO] ThirdParty:1030 - CMSIS Pack Vendor :STMicroelectronics X-CUBE-AZRTOS-L5 2.0.0
2023-12-15 16:29:33,505 [INFO] ThirdParty:1030 - CMSIS Pack Vendor :STMicroelectronics USB_DEVICE 2.0.0
2023-12-15 16:29:33,505 [INFO] ThirdParty:1030 - CMSIS Pack Vendor :STMicroelectronics X-CUBE-MEMS1 9.6.0
2023-12-15 16:29:33,505 [INFO] ThirdParty:1030 - CMSIS Pack Vendor :STMicroelectronics X-CUBE-EEPRMA1 4.2.0
2023-12-15 16:29:33,505 [INFO] ThirdParty:1030 - CMSIS Pack Vendor :ITTIA_DB I-CUBE-ITTIADB 8.8.0
2023-12-15 16:29:33,505 [INFO] ThirdParty:1030 - CMSIS Pack Vendor :STMicroelectronics FP-SNS-MOTENV1 4.3.2
2023-12-15 16:29:33,505 [INFO] ThirdParty:1030 - CMSIS Pack Vendor :STMicroelectronics X-CUBE-BLE1 6.2.3
2023-12-15 16:29:33,505 [INFO] ThirdParty:1030 - CMSIS Pack Vendor :STMicroelectronics X-CUBE-BLE1 6.2.4
2023-12-15 16:29:33,505 [INFO] ThirdParty:1030 - CMSIS Pack Vendor :STMicroelectronics FreeRTOS 0.0.1
2023-12-15 16:29:33,505 [INFO] ThirdParty:1030 - CMSIS Pack Vendor :STMicroelectronics X-CUBE-BLEMGR 2.0.0
2023-12-15 16:29:33,505 [INFO] ThirdParty:1030 - CMSIS Pack Vendor :STMicroelectronics FP-SNS-FLIGHT1 5.0.2
2023-12-15 16:29:33,505 [INFO] ThirdParty:1030 - CMSIS Pack Vendor :STMicroelectronics X-CUBE-NFC4 2.0.5
2023-12-15 16:29:33,505 [INFO] ThirdParty:1030 - CMSIS Pack Vendor :STMicroelectronics X-CUBE-NFC4 2.0.4
2023-12-15 16:29:33,505 [INFO] ThirdParty:1030 - CMSIS Pack Vendor :STMicroelectronics X-CUBE-AZRTOS-H7 3.1.0
2023-12-15 16:29:33,505 [INFO] ThirdParty:1030 - CMSIS Pack Vendor :STMicroelectronics PDM2PCM 3.3.0
2023-12-15 16:29:33,505 [INFO] ThirdParty:1030 - CMSIS Pack Vendor :STMicroelectronics X-CUBE-TOF1 3.1.0
2023-12-15 16:29:33,505 [INFO] ThirdParty:1030 - CMSIS Pack Vendor :STMicroelectronics X-CUBE-DISPLAY 3.0.0
2023-12-15 16:29:33,505 [INFO] ThirdParty:1030 - CMSIS Pack Vendor :STMicroelectronics X-CUBE-BLE1 7.0.0
2023-12-15 16:29:33,505 [INFO] ThirdParty:1030 - CMSIS Pack Vendor :wolfSSL I-CUBE-wolfSSL 5.5.0
2023-12-15 16:29:33,505 [INFO] ThirdParty:1030 - CMSIS Pack Vendor :STMicroelectronics HAL Drivers 0.0.0
2023-12-15 16:29:33,505 [INFO] ThirdParty:1030 - CMSIS Pack Vendor :STMicroelectronics X-CUBE-TOUCHGFX 4.22.0
2023-12-15 16:29:33,505 [INFO] ThirdParty:1030 - CMSIS Pack Vendor :STMicroelectronics X-CUBE-NFC7 1.0.1
2023-12-15 16:29:33,505 [INFO] ThirdParty:1030 - CMSIS Pack Vendor :STMicroelectronics MBEDTLS 2.14.1
2023-12-15 16:29:33,505 [INFO] ThirdParty:1030 - CMSIS Pack Vendor :STMicroelectronics X-CUBE-NFC7 1.0.0
2023-12-15 16:29:33,505 [INFO] ThirdParty:1030 - CMSIS Pack Vendor :STMicroelectronics X-CUBE-TOUCHGFX 4.22.1
2023-12-15 16:29:33,505 [INFO] ThirdParty:1030 - CMSIS Pack Vendor :STMicroelectronics X-CUBE-NFC6 3.0.0
2023-12-15 16:29:33,505 [INFO] ThirdParty:1030 - CMSIS Pack Vendor :STMicroelectronics X-CUBE-MEMS1 9.3.0
2023-12-15 16:29:33,505 [INFO] ThirdParty:1030 - CMSIS Pack Vendor :STMicroelectronics X-CUBE-EEPRMA1 4.1.0
2023-12-15 16:29:33,505 [INFO] ThirdParty:1030 - CMSIS Pack Vendor :STMicroelectronics X-CUBE-AI 7.2.0
2023-12-15 16:29:33,505 [INFO] ThirdParty:1030 - CMSIS Pack Vendor :STMicroelectronics FP-SNS-SMARTAG2 1.2.0
2023-12-15 16:29:33,505 [INFO] ThirdParty:1030 - CMSIS Pack Vendor :STMicroelectronics X-CUBE-AZRTOS-WL 2.0.0
2023-12-15 16:29:33,505 [INFO] ThirdParty:1030 - CMSIS Pack Vendor :STMicroelectronics USB_DEVICE 1.0.0
2023-12-15 16:29:33,505 [INFO] ThirdParty:1030 - CMSIS Pack Vendor :STMicroelectronics X-CUBE-AI 8.1.0
2023-12-15 16:29:33,505 [INFO] ThirdParty:1030 - CMSIS Pack Vendor :STMicroelectronics X-CUBE-AZRTOS-L4 2.0.0
2023-12-15 16:29:33,505 [INFO] ThirdParty:1030 - CMSIS Pack Vendor :STMicroelectronics ThreadX 0.0.2
2023-12-15 16:29:33,507 [INFO] ThirdParty:1030 - CMSIS Pack Vendor :WES I-CUBE-Cesium 1.3.0
2023-12-15 16:29:33,507 [INFO] ThirdParty:1030 - CMSIS Pack Vendor :STMicroelectronics lwIP 2.1.2
2023-12-15 16:29:33,507 [INFO] ThirdParty:1030 - CMSIS Pack Vendor :STMicroelectronics X-CUBE-SFXS2LP1 4.0.0
2023-12-15 16:29:33,507 [INFO] ThirdParty:1030 - CMSIS Pack Vendor :STMicroelectronics X-CUBE-BLE2 3.3.0
2023-12-15 16:29:33,507 [INFO] ThirdParty:1030 - CMSIS Pack Vendor :STMicroelectronics X-CUBE-DISPLAY 2.2.0
2023-12-15 16:29:33,507 [INFO] ThirdParty:1030 - CMSIS Pack Vendor :STMicroelectronics X-CUBE-TOF1 3.2.0
2023-12-15 16:29:33,507 [INFO] ThirdParty:1030 - CMSIS Pack Vendor :STMicroelectronics PDM2PCM 3.2.0
2023-12-15 16:29:33,507 [INFO] ThirdParty:1030 - CMSIS Pack Vendor :STMicroelectronics X-CUBE-AZRTOS-H7 3.0.0
2023-12-15 16:29:33,507 [INFO] ThirdParty:1030 - CMSIS Pack Vendor :STMicroelectronics X-CUBE-ISPU 1.0.0
2023-12-15 16:29:33,507 [INFO] ThirdParty:1030 - CMSIS Pack Vendor :STMicroelectronics X-CUBE-ISPU 1.1.0
2023-12-15 16:29:33,507 [INFO] ThirdParty:1030 - CMSIS Pack Vendor :RoweBots I-CUBE-UNISONRTOS 5.5.0-4
2023-12-15 16:29:33,507 [INFO] ThirdParty:1030 - CMSIS Pack Vendor :STMicroelectronics X-CUBE-AZRTOS-H7 2.1.0
2023-12-15 16:29:33,507 [INFO] ThirdParty:1030 - CMSIS Pack Vendor :STMicroelectronics USB_DEVICE 3.0.0
2023-12-15 16:29:33,507 [INFO] ThirdParty:1030 - CMSIS Pack Vendor :STMicroelectronics X-CUBE-AI 8.0.0
2023-12-15 16:29:33,507 [INFO] ThirdParty:1030 - CMSIS Pack Vendor :STMicroelectronics X-CUBE-AZRTOS-WB 2.0.0
2023-12-15 16:29:33,507 [INFO] ThirdParty:1030 - CMSIS Pack Vendor :STMicroelectronics X-CUBE-FREERTOS 1.0.0
2023-12-15 16:29:33,507 [INFO] ThirdParty:1030 - CMSIS Pack Vendor :STMicroelectronics X-CUBE-FREERTOS 1.0.1
2023-12-15 16:29:33,507 [INFO] ThirdParty:1030 - CMSIS Pack Vendor :STMicroelectronics X-CUBE-TOUCHGFX 4.21.1
2023-12-15 16:29:33,507 [INFO] ThirdParty:1030 - CMSIS Pack Vendor :STMicroelectronics X-CUBE-TOUCHGFX 4.21.0
2023-12-15 16:29:33,507 [INFO] ThirdParty:1030 - CMSIS Pack Vendor :STMicroelectronics X-CUBE-TOUCHGFX 4.21.3
2023-12-15 16:29:33,507 [INFO] ThirdParty:1030 - CMSIS Pack Vendor :STMicroelectronics X-CUBE-BLEMGR 1.0.0
2023-12-15 16:29:33,507 [INFO] ThirdParty:1030 - CMSIS Pack Vendor :STMicroelectronics X-CUBE-MEMS1 9.4.0
2023-12-15 16:29:33,508 [INFO] ThirdParty:1030 - CMSIS Pack Vendor :STMicroelectronics X-CUBE-AI 7.3.0
2023-12-15 16:29:33,508 [INFO] ThirdParty:1030 - CMSIS Pack Vendor :STMicroelectronics X-CUBE-ALGOBUILD 1.3.0
2023-12-15 16:29:33,508 [INFO] ThirdParty:1030 - CMSIS Pack Vendor :STMicroelectronics X-CUBE-AZRTOS-L5 1.1.0
2023-12-15 16:29:33,508 [INFO] ThirdParty:1030 - CMSIS Pack Vendor :STMicroelectronics X-CUBE-AZRTOS-G0 1.1.0
2023-12-15 16:29:33,508 [INFO] ThirdParty:1030 - CMSIS Pack Vendor :STMicroelectronics X-CUBE-NFC4 3.0.0
2023-12-15 16:29:33,508 [INFO] ThirdParty:1030 - CMSIS Pack Vendor :SEGGER I-CUBE-embOS 1.2.0
2023-12-15 16:29:33,508 [INFO] ThirdParty:1030 - CMSIS Pack Vendor :STMicroelectronics X-CUBE-SUBG2 5.0.0
2023-12-15 16:29:33,508 [INFO] ThirdParty:1030 - CMSIS Pack Vendor :STMicroelectronics STM32_WPAN 1.0.0
2023-12-15 16:29:33,508 [INFO] ThirdParty:1030 - CMSIS Pack Vendor :STMicroelectronics lwIP 2.0.3
2023-12-15 16:29:33,508 [INFO] ThirdParty:1030 - CMSIS Pack Vendor :STMicroelectronics USB_HOST 1.0.0
2023-12-15 16:29:33,508 [INFO] ThirdParty:1030 - CMSIS Pack Vendor :STMicroelectronics X-CUBE-TOF1 3.3.1
2023-12-15 16:29:33,508 [INFO] ThirdParty:1030 - CMSIS Pack Vendor :STMicroelectronics X-CUBE-AZRTOS-G4 2.0.0
2023-12-15 16:29:33,508 [INFO] ThirdParty:1030 - CMSIS Pack Vendor :STMicroelectronics PDM2PCM 3.1.0
2023-12-15 16:29:33,508 [INFO] ThirdParty:1030 - CMSIS Pack Vendor :STMicroelectronics X-CUBE-TOF1 3.3.0
2023-12-15 16:29:33,508 [INFO] ThirdParty:1030 - CMSIS Pack Vendor :STMicroelectronics FP-ATR-ASTRA1 1.1.1
2023-12-15 16:29:33,508 [INFO] ThirdParty:1030 - CMSIS Pack Vendor :Infineon AIROC-Wi-Fi-Bluetooth-STM32 1.5.1
2023-12-15 16:29:33,508 [INFO] ThirdParty:1030 - CMSIS Pack Vendor :STMicroelectronics X-CUBE-BLEMGR 3.0.0
2023-12-15 16:29:33,508 [INFO] ThirdParty:1030 - CMSIS Pack Vendor :STMicroelectronics X-CUBE-BLEMGR 1.3.0
2023-12-15 16:29:33,508 [INFO] ThirdParty:1030 - CMSIS Pack Vendor :STMicroelectronics FP-SNS-MOTENVWB1 1.3.0
2023-12-15 16:29:33,508 [INFO] ThirdParty:1030 - CMSIS Pack Vendor :STMicroelectronics FP-SNS-MOTENVWB1 1.3.1
2023-12-15 16:29:33,508 [INFO] ThirdParty:1030 - CMSIS Pack Vendor :STMicroelectronics FP-ATR-SIGFOX1 3.2.0
2023-12-15 16:29:33,508 [INFO] ThirdParty:1030 - CMSIS Pack Vendor :STMicroelectronics X-CUBE-AZRTOS-G4 1.0.0
2023-12-15 16:29:33,508 [INFO] ThirdParty:1030 - CMSIS Pack Vendor :STMicroelectronics X-CUBE-AZRTOS-L4 1.0.0
2023-12-15 16:29:33,508 [INFO] ThirdParty:1030 - CMSIS Pack Vendor :STMicroelectronics X-CUBE-ISPU 2.0.0
2023-12-15 16:29:33,508 [INFO] ThirdParty:1030 - CMSIS Pack Vendor :STMicroelectronics MBEDTLS 2.16.2
2023-12-15 16:29:33,508 [INFO] ThirdParty:1030 - CMSIS Pack Vendor :emotas I-CUBE-CANOPEN 1.1.2
2023-12-15 16:29:33,508 [INFO] ThirdParty:1030 - CMSIS Pack Vendor :STMicroelectronics X-CUBE-TOUCHGFX 4.20.0
2023-12-15 16:29:33,508 [INFO] ThirdParty:1030 - CMSIS Pack Vendor :STMicroelectronics X-CUBE-MEMS1 10.0.0
2023-12-15 16:29:33,508 [INFO] ThirdParty:1030 - CMSIS Pack Vendor :STMicroelectronics X-CUBE-FREERTOS 1.1.0
2023-12-15 16:29:33,508 [INFO] ThirdParty:1030 - CMSIS Pack Vendor :STMicroelectronics X-CUBE-AZRTOS-WL 1.0.0
2023-12-15 16:29:33,508 [INFO] ThirdParty:1030 - CMSIS Pack Vendor :portGmbH I-Cube-SoM-uGOAL 1.1.0
2023-12-15 16:29:33,508 [INFO] ThirdParty:1030 - CMSIS Pack Vendor :STMicroelectronics X-CUBE-ALS 1.0.1
2023-12-15 16:29:33,509 [INFO] ThirdParty:1030 - CMSIS Pack Vendor :STMicroelectronics X-CUBE-MEMS1 9.5.0
2023-12-15 16:29:33,509 [INFO] ThirdParty:1030 - CMSIS Pack Vendor :STMicroelectronics ThreadX 1.0.0
2023-12-15 16:29:33,509 [INFO] ThirdParty:1030 - CMSIS Pack Vendor :STMicroelectronics X-CUBE-AZRTOS-WB 1.1.0
2023-12-15 16:29:33,509 [INFO] ThirdParty:1030 - CMSIS Pack Vendor :SEGGER I-CUBE-embOS 1.3.1
2023-12-15 16:29:33,509 [INFO] ThirdParty:1030 - CMSIS Pack Vendor :STMicroelectronics X-CUBE-AZRTOS-L5 1.0.0
2023-12-15 16:29:33,509 [INFO] ThirdParty:1030 - CMSIS Pack Vendor :STMicroelectronics X-CUBE-EEPRMA1 3.1.1
2023-12-15 16:29:33,509 [INFO] ThirdParty:1030 - CMSIS Pack Vendor :STMicroelectronics FP-ATR-ASTRA1 2.0.0
2023-12-15 16:29:33,509 [INFO] ThirdParty:1030 - CMSIS Pack Vendor :STMicroelectronics X-CUBE-TOF1 3.4.0
2023-12-15 16:29:33,509 [INFO] ThirdParty:1030 - CMSIS Pack Vendor :STMicroelectronics X-CUBE-AZRTOS-H7 3.2.0
2023-12-15 16:29:33,509 [INFO] ThirdParty:841 - exiting critical section [change project]
2023-12-15 16:29:33,731 [INFO] PinOutPanel:1499 - setPackage(No Configuration,No Configuration)
2023-12-15 16:29:33,732 [INFO] PinOutPanel:1499 - setPackage(STM32F103C6Ux,UFQFPN48)
2023-12-15 16:29:34,062 [INFO] UtilMem:75 - Before build in PCC Used Memory: 505037192 Bytes (606076928)
2023-12-15 16:29:34,703 [INFO] UtilMem:75 - After build in PCC Used Memory: 401901536 Bytes (606076928)
2023-12-15 16:29:34,722 [INFO] IPUIPlugin:80 - create IPUIPlugin
2023-12-15 16:29:34,722 [INFO] IPUIPlugin:80 - create IPUIPlugin
2023-12-15 16:29:34,723 [INFO] IPUIPlugin:80 - create IPUIPlugin
2023-12-15 16:29:34,723 [INFO] IPUIPlugin:80 - create IPUIPlugin
2023-12-15 16:29:34,723 [INFO] IPUIPlugin:80 - create IPUIPlugin
2023-12-15 16:29:34,723 [INFO] IPUIPlugin:80 - create IPUIPlugin
2023-12-15 16:29:34,724 [INFO] IPUIPlugin:80 - create IPUIPlugin
2023-12-15 16:29:34,724 [INFO] IPUIPlugin:80 - create IPUIPlugin
2023-12-15 16:29:34,724 [INFO] IPUIPlugin:80 - create IPUIPlugin
2023-12-15 16:29:34,725 [INFO] IPUIPlugin:80 - create IPUIPlugin
2023-12-15 16:29:34,725 [INFO] IPUIPlugin:80 - create IPUIPlugin
2023-12-15 16:29:34,725 [INFO] IPUIPlugin:80 - create IPUIPlugin
2023-12-15 16:29:34,725 [INFO] IPUIPlugin:80 - create IPUIPlugin
2023-12-15 16:29:34,725 [INFO] IPUIPlugin:80 - create IPUIPlugin
2023-12-15 16:29:34,726 [INFO] IPUIPlugin:80 - create IPUIPlugin
2023-12-15 16:29:34,726 [INFO] IPUIPlugin:80 - create IPUIPlugin
2023-12-15 16:29:34,726 [INFO] IPUIPlugin:80 - create IPUIPlugin
2023-12-15 16:29:34,726 [INFO] IPUIPlugin:80 - create IPUIPlugin
2023-12-15 16:29:34,726 [INFO] IPUIPlugin:80 - create IPUIPlugin
2023-12-15 16:29:34,727 [INFO] IPUIPlugin:80 - create IPUIPlugin
2023-12-15 16:29:34,727 [INFO] IPUIPlugin:80 - create IPUIPlugin
2023-12-15 16:29:34,727 [INFO] IPUIPlugin:80 - create IPUIPlugin
2023-12-15 16:29:34,727 [INFO] IPUIPlugin:80 - create IPUIPlugin
2023-12-15 16:29:34,868 [INFO] CADModel:165 - CPN selected for project levelSTM32F103C6U6A
2023-12-15 16:29:34,868 [INFO] CADModel:114 - Register for checkConnection events
2023-12-15 16:29:34,924 [INFO] OpenFileManager:328 - Restore cursor
2023-12-15 16:29:36,801 [INFO] UtilMem:75 - End SaveConfig() Used Memory: 423662336 Bytes (606076928)
2023-12-15 16:29:36,842 [INFO] UtilMem:75 - End SaveConfig() Used Memory: 434691768 Bytes (606076928)
2023-12-15 16:29:37,188 [INFO] BlockDiagram:2759 - set Specific Code input for plugin: NVIC
2023-12-15 16:29:37,188 [INFO] BlockDiagram:2759 - set Specific Code input for plugin: RCC
2023-12-15 16:29:37,189 [INFO] CodeGenerator:793 - code generatio: config db path: C:\ST\STM32CubeIDE_1.7.0\STM32CubeIDE\plugins\com.st.stm32cube.common.mx_6.8.0.202302231600\\db\
2023-12-15 16:29:37,586 [INFO] CodeEngine:255 - oldGeneratedFile, D:\Embedded_Programming\STM\STM32\Microprocessors_Microcontrollers_Lab\Microprocessors_Microcontrollers_Lab_4\STM32CubeIDE\STM32ProjectForLab4\MXTmpFiles\license.tmp_save
2023-12-15 16:29:37,994 [INFO] CodeEngine:279 - Generated code: D:\Embedded_Programming\STM\STM32\Microprocessors_Microcontrollers_Lab\Microprocessors_Microcontrollers_Lab_4\STM32CubeIDE\STM32ProjectForLab4\MXTmpFiles\license.tmp
2023-12-15 16:29:38,012 [INFO] CodeEngine:255 - oldGeneratedFile, D:\Embedded_Programming\STM\STM32\Microprocessors_Microcontrollers_Lab\Microprocessors_Microcontrollers_Lab_4\STM32CubeIDE\STM32ProjectForLab4\Core\Src\stm32f1xx_it.c_save
2023-12-15 16:29:38,175 [INFO] CodeEngine:279 - Generated code: D:\Embedded_Programming\STM\STM32\Microprocessors_Microcontrollers_Lab\Microprocessors_Microcontrollers_Lab_4\STM32CubeIDE\STM32ProjectForLab4\Core\Src\stm32f1xx_it.c
2023-12-15 16:29:38,185 [INFO] CodeEngine:255 - oldGeneratedFile, D:\Embedded_Programming\STM\STM32\Microprocessors_Microcontrollers_Lab\Microprocessors_Microcontrollers_Lab_4\STM32CubeIDE\STM32ProjectForLab4\Core\Inc\stm32f1xx_it.h_save
2023-12-15 16:29:38,305 [INFO] CodeEngine:279 - Generated code: D:\Embedded_Programming\STM\STM32\Microprocessors_Microcontrollers_Lab\Microprocessors_Microcontrollers_Lab_4\STM32CubeIDE\STM32ProjectForLab4\Core\Inc\stm32f1xx_it.h
2023-12-15 16:29:38,403 [INFO] CodeEngine:255 - oldGeneratedFile, D:\Embedded_Programming\STM\STM32\Microprocessors_Microcontrollers_Lab\Microprocessors_Microcontrollers_Lab_4\STM32CubeIDE\STM32ProjectForLab4\Core\Src\stm32f1xx_hal_msp.c_save
2023-12-15 16:29:38,571 [INFO] CodeEngine:279 - Generated code: D:\Embedded_Programming\STM\STM32\Microprocessors_Microcontrollers_Lab\Microprocessors_Microcontrollers_Lab_4\STM32CubeIDE\STM32ProjectForLab4\Core\Src\stm32f1xx_hal_msp.c
2023-12-15 16:29:38,580 [INFO] CodeEngine:255 - oldGeneratedFile, D:\Embedded_Programming\STM\STM32\Microprocessors_Microcontrollers_Lab\Microprocessors_Microcontrollers_Lab_4\STM32CubeIDE\STM32ProjectForLab4\MXTmpFiles\system.tmp_save
2023-12-15 16:29:38,660 [INFO] CodeEngine:279 - Generated code: D:\Embedded_Programming\STM\STM32\Microprocessors_Microcontrollers_Lab\Microprocessors_Microcontrollers_Lab_4\STM32CubeIDE\STM32ProjectForLab4\MXTmpFiles\system.tmp
2023-12-15 16:29:38,674 [INFO] CodeEngine:311 - oldGeneratedFile, D:\Embedded_Programming\STM\STM32\Microprocessors_Microcontrollers_Lab\Microprocessors_Microcontrollers_Lab_4\STM32CubeIDE\STM32ProjectForLab4\Core\Inc\stm32f1xx_hal_conf.h_save
2023-12-15 16:29:38,787 [INFO] CodeEngine:335 - Generated code: D:\Embedded_Programming\STM\STM32\Microprocessors_Microcontrollers_Lab\Microprocessors_Microcontrollers_Lab_4\STM32CubeIDE\STM32ProjectForLab4\Core\Inc\stm32f1xx_hal_conf.h
2023-12-15 16:29:38,846 [INFO] CodeEngine:255 - oldGeneratedFile, D:\Embedded_Programming\STM\STM32\Microprocessors_Microcontrollers_Lab\Microprocessors_Microcontrollers_Lab_4\STM32CubeIDE\STM32ProjectForLab4\Core\Inc\main.h_save
2023-12-15 16:29:38,975 [INFO] CodeEngine:279 - Generated code: D:\Embedded_Programming\STM\STM32\Microprocessors_Microcontrollers_Lab\Microprocessors_Microcontrollers_Lab_4\STM32CubeIDE\STM32ProjectForLab4\Core\Inc\main.h
2023-12-15 16:29:38,986 [INFO] CodeEngine:255 - oldGeneratedFile, D:\Embedded_Programming\STM\STM32\Microprocessors_Microcontrollers_Lab\Microprocessors_Microcontrollers_Lab_4\STM32CubeIDE\STM32ProjectForLab4\Core\Src\main.c_save
2023-12-15 16:29:39,128 [INFO] CodeEngine:279 - Generated code: D:\Embedded_Programming\STM\STM32\Microprocessors_Microcontrollers_Lab\Microprocessors_Microcontrollers_Lab_4\STM32CubeIDE\STM32ProjectForLab4\Core\Src\main.c
2023-12-15 16:29:39,904 [INFO] ProjectBuilder:2996 - Time for Copy HAL[1] : 170mS.
2023-12-15 16:29:39,928 [INFO] ProjectBuilder:4304 - Project Generator version: 3.19.2
2023-12-15 16:29:40,328 [INFO] ConfigFileManager:1483 - The Die is : DIE412
2023-12-15 16:29:40,348 [INFO] ApiDbMcu:507 - Load IP Config File for FATFS
2023-12-15 16:29:40,372 [INFO] ApiDbMcu:507 - Load IP Config File for FREERTOS
2023-12-15 16:29:40,392 [INFO] ApiDbMcu:507 - Load IP Config File for USB_DEVICE
2023-12-15 16:29:41,805 [INFO] LogOutputStream:77 - [STDOUT_REDIRECT] 
2023-12-15 16:29:46,699 [INFO] ProjectBuilder:4505 - Time for Generating toolchain IDE Files: 6771mS.
2023-12-15 16:29:46,700 [INFO] ProjectBuilder:2867 - Time for Copy CMSIS : 1mS.
2023-12-15 16:29:46,702 [INFO] ProjectBuilder:2867 - Time for Copy CMSIS : 1mS.
2023-12-15 16:29:48,109 [INFO] McuFinderGlobals:66 - Set McuFinderConnectedMode to true
2023-12-15 16:29:48,114 [INFO] ApiDb:448 - Save user favorites file C:\Users\Huy/.stm32cubeide/favorites.mcus.txt: 0 item(s)
2023-12-15 16:29:48,114 [INFO] ApiDb:452 - User favorites MCUs=[]
2023-12-15 16:30:16,665 [INFO] NvicIntPanel:101 - NVIC parent = com.st.microxplorer.plugins.ip.nvic.MultiNvicIntPanel[,0,0,450x161,layout=javax.swing.BoxLayout,alignmentX=0.0,alignmentY=0.0,border=,flags=9,maximumSize=,minimumSize=,preferredSize=]
2023-12-15 16:30:17,657 [INFO] NvicIntPanel:101 - NVIC parent = com.st.microxplorer.plugins.ip.nvic.MultiNvicIntPanel[,0,0,0x0,invalid,layout=javax.swing.BoxLayout,alignmentX=0.0,alignmentY=0.0,border=,flags=9,maximumSize=,minimumSize=,preferredSize=]
2023-12-15 16:30:23,141 [INFO] NvicIntPanel:101 - NVIC parent = com.st.microxplorer.plugins.ip.nvic.MultiNvicIntPanel[,0,0,0x0,invalid,layout=javax.swing.BoxLayout,alignmentX=0.0,alignmentY=0.0,border=,flags=9,maximumSize=,minimumSize=,preferredSize=]
2023-12-15 16:30:28,194 [INFO] UtilMem:75 - End SaveConfig() Used Memory: 696920112 Bytes (950009856)
2023-12-15 16:30:29,690 [INFO] UtilMem:75 - End SaveConfig() Used Memory: 720515096 Bytes (950009856)
2023-12-15 16:30:32,152 [INFO] UtilMem:75 - End SaveConfig() Used Memory: 708517320 Bytes (950009856)
2023-12-15 16:30:32,418 [INFO] BlockDiagram:2759 - set Specific Code input for plugin: NVIC
2023-12-15 16:30:32,419 [INFO] BlockDiagram:2759 - set Specific Code input for plugin: GPIO
2023-12-15 16:30:32,419 [INFO] BlockDiagram:2759 - set Specific Code input for plugin: RCC
2023-12-15 16:30:32,419 [INFO] BlockDiagram:2759 - set Specific Code input for plugin: TIM1_8F1
2023-12-15 16:30:32,420 [INFO] CodeGenerator:793 - code generatio: config db path: C:\ST\STM32CubeIDE_1.7.0\STM32CubeIDE\plugins\com.st.stm32cube.common.mx_6.8.0.202302231600\\db\
2023-12-15 16:30:32,621 [INFO] CodeEngine:255 - oldGeneratedFile, D:\Embedded_Programming\STM\STM32\Microprocessors_Microcontrollers_Lab\Microprocessors_Microcontrollers_Lab_4\STM32CubeIDE\STM32ProjectForLab4\MXTmpFiles\license.tmp_save
2023-12-15 16:30:32,731 [INFO] CodeEngine:279 - Generated code: D:\Embedded_Programming\STM\STM32\Microprocessors_Microcontrollers_Lab\Microprocessors_Microcontrollers_Lab_4\STM32CubeIDE\STM32ProjectForLab4\MXTmpFiles\license.tmp
2023-12-15 16:30:32,769 [INFO] CodeEngine:255 - oldGeneratedFile, D:\Embedded_Programming\STM\STM32\Microprocessors_Microcontrollers_Lab\Microprocessors_Microcontrollers_Lab_4\STM32CubeIDE\STM32ProjectForLab4\MXTmpFiles\gpio.tmp_save
2023-12-15 16:30:32,872 [INFO] CodeEngine:279 - Generated code: D:\Embedded_Programming\STM\STM32\Microprocessors_Microcontrollers_Lab\Microprocessors_Microcontrollers_Lab_4\STM32CubeIDE\STM32ProjectForLab4\MXTmpFiles\gpio.tmp
2023-12-15 16:30:32,938 [INFO] CodeEngine:255 - oldGeneratedFile, D:\Embedded_Programming\STM\STM32\Microprocessors_Microcontrollers_Lab\Microprocessors_Microcontrollers_Lab_4\STM32CubeIDE\STM32ProjectForLab4\Core\Src\stm32f1xx_it.c_save
2023-12-15 16:30:33,060 [INFO] CodeEngine:279 - Generated code: D:\Embedded_Programming\STM\STM32\Microprocessors_Microcontrollers_Lab\Microprocessors_Microcontrollers_Lab_4\STM32CubeIDE\STM32ProjectForLab4\Core\Src\stm32f1xx_it.c
2023-12-15 16:30:33,067 [INFO] CodeEngine:255 - oldGeneratedFile, D:\Embedded_Programming\STM\STM32\Microprocessors_Microcontrollers_Lab\Microprocessors_Microcontrollers_Lab_4\STM32CubeIDE\STM32ProjectForLab4\Core\Inc\stm32f1xx_it.h_save
2023-12-15 16:30:33,146 [INFO] CodeEngine:279 - Generated code: D:\Embedded_Programming\STM\STM32\Microprocessors_Microcontrollers_Lab\Microprocessors_Microcontrollers_Lab_4\STM32CubeIDE\STM32ProjectForLab4\Core\Inc\stm32f1xx_it.h
2023-12-15 16:30:33,174 [INFO] CodeEngine:255 - oldGeneratedFile, D:\Embedded_Programming\STM\STM32\Microprocessors_Microcontrollers_Lab\Microprocessors_Microcontrollers_Lab_4\STM32CubeIDE\STM32ProjectForLab4\Core\Src\stm32f1xx_hal_msp.c_save
2023-12-15 16:30:33,323 [INFO] CodeEngine:279 - Generated code: D:\Embedded_Programming\STM\STM32\Microprocessors_Microcontrollers_Lab\Microprocessors_Microcontrollers_Lab_4\STM32CubeIDE\STM32ProjectForLab4\Core\Src\stm32f1xx_hal_msp.c
2023-12-15 16:30:33,327 [INFO] CodeEngine:255 - oldGeneratedFile, D:\Embedded_Programming\STM\STM32\Microprocessors_Microcontrollers_Lab\Microprocessors_Microcontrollers_Lab_4\STM32CubeIDE\STM32ProjectForLab4\MXTmpFiles\system.tmp_save
2023-12-15 16:30:33,387 [INFO] CodeEngine:279 - Generated code: D:\Embedded_Programming\STM\STM32\Microprocessors_Microcontrollers_Lab\Microprocessors_Microcontrollers_Lab_4\STM32CubeIDE\STM32ProjectForLab4\MXTmpFiles\system.tmp
2023-12-15 16:30:33,404 [INFO] CodeEngine:311 - oldGeneratedFile, D:\Embedded_Programming\STM\STM32\Microprocessors_Microcontrollers_Lab\Microprocessors_Microcontrollers_Lab_4\STM32CubeIDE\STM32ProjectForLab4\Core\Inc\stm32f1xx_hal_conf.h_save
2023-12-15 16:30:33,502 [INFO] CodeEngine:335 - Generated code: D:\Embedded_Programming\STM\STM32\Microprocessors_Microcontrollers_Lab\Microprocessors_Microcontrollers_Lab_4\STM32CubeIDE\STM32ProjectForLab4\Core\Inc\stm32f1xx_hal_conf.h
2023-12-15 16:30:33,531 [WARN] IPConfigManager:3431 - IP not found : TIM
2023-12-15 16:30:33,532 [WARN] CodeGenerator:3754 - IP not found : null
2023-12-15 16:30:33,548 [INFO] CodeEngine:255 - oldGeneratedFile, D:\Embedded_Programming\STM\STM32\Microprocessors_Microcontrollers_Lab\Microprocessors_Microcontrollers_Lab_4\STM32CubeIDE\STM32ProjectForLab4\Core\Inc\main.h_save
2023-12-15 16:30:33,667 [INFO] CodeEngine:279 - Generated code: D:\Embedded_Programming\STM\STM32\Microprocessors_Microcontrollers_Lab\Microprocessors_Microcontrollers_Lab_4\STM32CubeIDE\STM32ProjectForLab4\Core\Inc\main.h
2023-12-15 16:30:33,697 [INFO] CodeEngine:255 - oldGeneratedFile, D:\Embedded_Programming\STM\STM32\Microprocessors_Microcontrollers_Lab\Microprocessors_Microcontrollers_Lab_4\STM32CubeIDE\STM32ProjectForLab4\Core\Src\main.c_save
2023-12-15 16:30:33,815 [INFO] CodeEngine:279 - Generated code: D:\Embedded_Programming\STM\STM32\Microprocessors_Microcontrollers_Lab\Microprocessors_Microcontrollers_Lab_4\STM32CubeIDE\STM32ProjectForLab4\Core\Src\main.c
2023-12-15 16:30:34,429 [INFO] ProjectBuilder:2996 - Time for Copy HAL[1] : 73mS.
2023-12-15 16:30:34,431 [INFO] ProjectBuilder:4304 - Project Generator version: 3.19.2
2023-12-15 16:30:34,671 [INFO] ConfigFileManager:1483 - The Die is : DIE412
2023-12-15 16:30:36,343 [INFO] ProjectBuilder:4505 - Time for Generating toolchain IDE Files: 1912mS.
2023-12-15 16:30:36,344 [INFO] ProjectBuilder:2867 - Time for Copy CMSIS : 1mS.
2023-12-15 16:30:36,345 [INFO] ProjectBuilder:2867 - Time for Copy CMSIS : 0mS.
2023-12-15 17:02:42,012 [INFO] Activator:176 - 


2023-12-15 17:02:42,014 [INFO] Activator:177 - !SESSION log4j initialized
2023-12-15 17:02:48,810 [INFO] LogOutputStream:77 - [STDOUT_REDIRECT] 
2023-12-15 17:03:10,411 [ERROR] LogOutputStream:75 - [STDERR_REDIRECT] SLF4J: Failed to load class "org.slf4j.impl.StaticLoggerBinder".
2023-12-15 17:03:10,411 [ERROR] LogOutputStream:75 - [STDERR_REDIRECT] SLF4J: Defaulting to no-operation (NOP) logger implementation
2023-12-15 17:03:10,412 [ERROR] LogOutputStream:75 - [STDERR_REDIRECT] SLF4J: See http://www.slf4j.org/codes.html#StaticLoggerBinder for further details.
