2024-01-28 00:22:57,552 [INFO] ApplicationProperties:184 - Using Application install path: C:\ST\STM32CubeIDE_1.7.0\STM32CubeIDE\plugins\com.st.stm32cube.common.mx_6.8.0.202302231600
2024-01-28 00:22:57,584 [INFO] DbMcusXml:78 - Set database path to: C:\ST\STM32CubeIDE_1.7.0\STM32CubeIDE\plugins\com.st.stm32cube.common.mx_6.8.0.202302231600\\db\/mcu/
2024-01-28 00:22:57,584 [INFO] ApiDb:274 - Set plugin database path to: C:\ST\STM32CubeIDE_1.7.0\STM32CubeIDE\plugins\com.st.stm32cube.common.mx_6.8.0.202302231600\\db\/plugins/boardmanager/
2024-01-28 00:22:57,584 [WARN] ApiDb:259 - Overriding images path with different value:  => C:\ST\STM32CubeIDE_1.7.0\STM32CubeIDE\plugins\com.st.stm32cube.common.mx_6.8.0.202302231600\\db\/plugins/mcufinder/images/
2024-01-28 00:22:57,616 [INFO] ApiDb:250 - Set database path to: C:\Users\Huy\.stmcufinder\plugins\mcufinder//mcu/
2024-01-28 00:22:57,616 [INFO] DbMcusAds:125 - Set database path to: C:\Users\Huy\.stmcufinder\plugins\mcufinder//mcu/
2024-01-28 00:22:57,663 [INFO] CrossReferenceDbSqlite:203 - Set database path to: C:\Users\Huy\.stmcufinder\plugins\mcufinder//mcu/cs/
2024-01-28 00:22:57,804 [INFO] RulesReader:64 - Compatibility file has been processed (293 Rules)
2024-01-28 00:22:57,883 [INFO] DbMcusXml:78 - Set database path to: C:\ST\STM32CubeIDE_1.7.0\STM32CubeIDE\plugins\com.st.stm32cube.common.mx_6.8.0.202302231600\\db\/mcu/
2024-01-28 00:22:57,883 [INFO] ApiDb:274 - Set plugin database path to: C:\ST\STM32CubeIDE_1.7.0\STM32CubeIDE\plugins\com.st.stm32cube.common.mx_6.8.0.202302231600\\db\/plugins/boardmanager/
2024-01-28 00:22:57,883 [INFO] ApiDb:261 - Set plugin images path to: C:\ST\STM32CubeIDE_1.7.0\STM32CubeIDE\plugins\com.st.stm32cube.common.mx_6.8.0.202302231600\\db\/plugins/mcufinder/images/
2024-01-28 00:22:57,883 [WARN] DbFile:41 - Overriding database path with different value: C:\Users\Huy\.stmcufinder\plugins\mcufinder/ => C:\Users\Huy\.stmcufinder\plugins\mcufinder
2024-01-28 00:22:57,883 [INFO] ApiDb:250 - Set database path to: C:\Users\Huy\.stmcufinder\plugins\mcufinder//mcu/
2024-01-28 00:22:57,883 [WARN] DbFile:41 - Overriding database path with different value: C:\Users\Huy\.stmcufinder\plugins\mcufinder/ => C:\Users\Huy\.stmcufinder\plugins\mcufinder
2024-01-28 00:22:57,883 [INFO] DbMcusAds:125 - Set database path to: C:\Users\Huy\.stmcufinder\plugins\mcufinder//mcu/
2024-01-28 00:22:57,883 [WARN] DbFile:41 - Overriding database path with different value: C:\Users\Huy\.stmcufinder\plugins\mcufinder/ => C:\Users\Huy\.stmcufinder\plugins\mcufinder
2024-01-28 00:22:57,883 [WARN] DbFile:41 - Overriding database path with different value: C:\Users\Huy\.stmcufinder\plugins\mcufinder/ => C:\Users\Huy\.stmcufinder\plugins\mcufinder
2024-01-28 00:22:57,883 [INFO] CrossReferenceDbSqlite:203 - Set database path to: C:\Users\Huy\.stmcufinder\plugins\mcufinder//mcu/cs/
2024-01-28 00:22:58,008 [INFO] MainPanel:253 - HeapMemory: 552599552
2024-01-28 00:22:58,134 [INFO] DbMcusXml:78 - Set database path to: C:\ST\STM32CubeIDE_1.7.0\STM32CubeIDE\plugins\com.st.stm32cube.common.mx_6.8.0.202302231600\\db\/mcu/
2024-01-28 00:22:58,134 [INFO] ApiDb:274 - Set plugin database path to: C:\ST\STM32CubeIDE_1.7.0\STM32CubeIDE\plugins\com.st.stm32cube.common.mx_6.8.0.202302231600\\db\/plugins/boardmanager/
2024-01-28 00:22:58,134 [INFO] ApiDb:261 - Set plugin images path to: C:\ST\STM32CubeIDE_1.7.0\STM32CubeIDE\plugins\com.st.stm32cube.common.mx_6.8.0.202302231600\\db\/plugins/mcufinder/images/
2024-01-28 00:22:58,134 [WARN] DbFile:41 - Overriding database path with different value: C:\Users\Huy\.stmcufinder\plugins\mcufinder/ => C:\Users\Huy\.stmcufinder\plugins\mcufinder
2024-01-28 00:22:58,134 [INFO] ApiDb:250 - Set database path to: C:\Users\Huy\.stmcufinder\plugins\mcufinder//mcu/
2024-01-28 00:22:58,134 [WARN] DbFile:41 - Overriding database path with different value: C:\Users\Huy\.stmcufinder\plugins\mcufinder/ => C:\Users\Huy\.stmcufinder\plugins\mcufinder
2024-01-28 00:22:58,134 [INFO] DbMcusAds:125 - Set database path to: C:\Users\Huy\.stmcufinder\plugins\mcufinder//mcu/
2024-01-28 00:22:58,134 [WARN] DbFile:41 - Overriding database path with different value: C:\Users\Huy\.stmcufinder\plugins\mcufinder/ => C:\Users\Huy\.stmcufinder\plugins\mcufinder
2024-01-28 00:22:58,134 [WARN] DbFile:41 - Overriding database path with different value: C:\Users\Huy\.stmcufinder\plugins\mcufinder/ => C:\Users\Huy\.stmcufinder\plugins\mcufinder
2024-01-28 00:22:58,134 [INFO] CrossReferenceDbSqlite:203 - Set database path to: C:\Users\Huy\.stmcufinder\plugins\mcufinder//mcu/cs/
2024-01-28 00:22:58,149 [INFO] ApplicationProperties:184 - Using Application install path: C:\ST\STM32CubeIDE_1.7.0\STM32CubeIDE\plugins\com.st.stm32cube.common.mx_6.8.0.202302231600
2024-01-28 00:22:58,149 [INFO] PluginManage:196 - Search for loadable plugins [exclusion list=, ]
2024-01-28 00:22:58,149 [INFO] PluginManage:310 - Check plugin analytics
2024-01-28 00:22:58,338 [INFO] AnalyticsPlugin:253 - Accepted Software Licenses: 
2024-01-28 00:22:58,338 [INFO] AnalyticsPlugin:255 - Accepted CMSIS Pack Licenses: 
2024-01-28 00:22:58,338 [INFO] AnalyticsPlugin:257 - Accepted Firmware Licenses: FW.F4.1.27.0
2024-01-28 00:22:58,338 [INFO] PluginManage:359 - Loaded plugin analytics (category:tool,tabindex:-1)
2024-01-28 00:22:58,338 [INFO] PluginManage:310 - Check plugin cadmodel
2024-01-28 00:22:58,354 [INFO] CADModel:105 - Init CAD model plugin
2024-01-28 00:22:58,354 [INFO] PluginManage:359 - Loaded plugin cadmodel (category:power,tabindex:5)
2024-01-28 00:22:58,354 [INFO] PluginManage:310 - Check plugin clock
2024-01-28 00:22:58,385 [INFO] PluginManage:359 - Loaded plugin clock (category:base,tabindex:2)
2024-01-28 00:22:58,385 [INFO] PluginManage:310 - Check plugin ddr
2024-01-28 00:22:58,385 [INFO] PluginManage:359 - Loaded plugin ddr (category:tool,tabindex:6)
2024-01-28 00:22:58,385 [INFO] PluginManage:310 - Check plugin filemanager
2024-01-28 00:22:58,528 [INFO] PluginManage:359 - Loaded plugin filemanager (category:base,tabindex:10)
2024-01-28 00:22:58,528 [INFO] PluginManage:310 - Check plugin ipmanager
2024-01-28 00:22:58,528 [INFO] PluginManage:359 - Loaded plugin ipmanager (category:base,tabindex:5)
2024-01-28 00:22:58,528 [INFO] PluginManage:310 - Check plugin lpbam
2024-01-28 00:22:58,559 [INFO] PluginManage:359 - Loaded plugin lpbam (category:base,tabindex:0)
2024-01-28 00:22:58,559 [INFO] PluginManage:310 - Check plugin pinoutandconfiguration
2024-01-28 00:22:58,576 [INFO] PluginManage:359 - Loaded plugin pinoutandconfiguration (category:base,tabindex:1)
2024-01-28 00:22:58,576 [INFO] PluginManage:310 - Check plugin pinoutconfig
2024-01-28 00:22:58,701 [WARN] SupportedApi:132 - Cannot load RTOS API schema: s4s-elt-must-match.1: The content of 'definitions' must match (annotation?, (simpleType | complexType)?, (unique | key | keyref)*)). A problem was found starting at: attribute.
2024-01-28 00:22:58,811 [INFO] PluginManage:359 - Loaded plugin pinoutconfig (category:base,tabindex:0)
2024-01-28 00:22:58,811 [INFO] PluginManage:310 - Check plugin power
2024-01-28 00:22:58,842 [INFO] PluginManage:359 - Loaded plugin power (category:power,tabindex:4)
2024-01-28 00:22:58,842 [INFO] PluginManage:310 - Check plugin projectmanager
2024-01-28 00:22:58,858 [INFO] PluginManage:359 - Loaded plugin projectmanager (category:projectmanager,tabindex:3)
2024-01-28 00:22:58,858 [INFO] PluginManage:310 - Check plugin thirdparty
2024-01-28 00:22:59,099 [INFO] PluginManage:359 - Loaded plugin thirdparty (category:base,tabindex:-1)
2024-01-28 00:22:59,099 [INFO] PluginManage:310 - Check plugin tools
2024-01-28 00:22:59,099 [WARN] IntegrityCheckThread:84 - waiting for thirdparty lock release [integrity check]
2024-01-28 00:22:59,099 [INFO] IntegrityCheckThread:86 - entering critical section [integrity check]
2024-01-28 00:22:59,099 [INFO] ThirdPartyUpdaterWithRetryManager:70 - Updater plugin not ready yet. [1/15]
2024-01-28 00:22:59,109 [INFO] PluginManage:359 - Loaded plugin tools (category:base,tabindex:7)
2024-01-28 00:22:59,109 [INFO] PluginManage:310 - Check plugin tutovideos
2024-01-28 00:22:59,391 [INFO] PluginManage:359 - Loaded plugin tutovideos (category:base,tabindex:-1)
2024-01-28 00:22:59,391 [INFO] PluginManage:310 - Check plugin updater
2024-01-28 00:22:59,407 [INFO] PluginManage:359 - Loaded plugin updater (category:base,tabindex:12)
2024-01-28 00:22:59,407 [INFO] PluginManage:283 - PluginManage : Loaded plugins [15]
2024-01-28 00:22:59,675 [INFO] PinOutPanel:1499 - setPackage(No Configuration,No Configuration)
2024-01-28 00:22:59,737 [INFO] CADModel:165 - CPN selected for project level
2024-01-28 00:22:59,737 [INFO] CADModel:114 - Register for checkConnection events
2024-01-28 00:22:59,769 [INFO] IPUIPlugin:80 - create IPUIPlugin
2024-01-28 00:22:59,769 [INFO] PluginManager:220 - loadIPPluginJar : add adc
2024-01-28 00:22:59,785 [INFO] IPUIPlugin:80 - create IPUIPlugin
2024-01-28 00:22:59,785 [INFO] PluginManager:220 - loadIPPluginJar : add aes
2024-01-28 00:22:59,832 [INFO] IPUIPlugin:80 - create IPUIPlugin
2024-01-28 00:22:59,832 [INFO] PluginManager:220 - loadIPPluginJar : add can
2024-01-28 00:22:59,848 [INFO] IPUIPlugin:80 - create IPUIPlugin
2024-01-28 00:22:59,848 [INFO] PluginManager:220 - loadIPPluginJar : add comp
2024-01-28 00:22:59,879 [INFO] IPUIPlugin:80 - create IPUIPlugin
2024-01-28 00:22:59,879 [INFO] PluginManager:220 - loadIPPluginJar : add cryp
2024-01-28 00:22:59,895 [INFO] IPUIPlugin:80 - create IPUIPlugin
2024-01-28 00:22:59,895 [INFO] PluginManager:220 - loadIPPluginJar : add dfsdm
2024-01-28 00:22:59,910 [INFO] IPUIPlugin:80 - create IPUIPlugin
2024-01-28 00:22:59,910 [INFO] PluginManager:220 - loadIPPluginJar : add dma
2024-01-28 00:22:59,942 [INFO] IPUIPlugin:80 - create IPUIPlugin
2024-01-28 00:22:59,942 [INFO] PluginManager:220 - loadIPPluginJar : add dma3
2024-01-28 00:22:59,957 [INFO] IPUIPlugin:80 - create IPUIPlugin
2024-01-28 00:22:59,957 [INFO] PluginManager:220 - loadIPPluginJar : add fatfs
2024-01-28 00:22:59,988 [INFO] IPUIPlugin:80 - create IPUIPlugin
2024-01-28 00:22:59,988 [INFO] PluginManager:220 - loadIPPluginJar : add fmc
2024-01-28 00:23:00,021 [INFO] IPUIPlugin:80 - create IPUIPlugin
2024-01-28 00:23:00,021 [INFO] PluginManager:220 - loadIPPluginJar : add freertos
2024-01-28 00:23:00,036 [INFO] IPUIPlugin:80 - create IPUIPlugin
2024-01-28 00:23:00,036 [INFO] PluginManager:220 - loadIPPluginJar : add genericplugin
2024-01-28 00:23:00,099 [INFO] IPUIPlugin:80 - create IPUIPlugin
2024-01-28 00:23:00,099 [INFO] PluginManager:220 - loadIPPluginJar : add gfxmmu
2024-01-28 00:23:00,208 [INFO] IPUIPlugin:80 - create IPUIPlugin
2024-01-28 00:23:00,208 [INFO] PluginManager:220 - loadIPPluginJar : add gic
2024-01-28 00:23:00,224 [INFO] IPUIPlugin:80 - create IPUIPlugin
2024-01-28 00:23:00,224 [INFO] PluginManager:220 - loadIPPluginJar : add gpio
2024-01-28 00:23:00,286 [INFO] IPUIPlugin:80 - create IPUIPlugin
2024-01-28 00:23:00,286 [INFO] PluginManager:220 - loadIPPluginJar : add gtzc
2024-01-28 00:23:00,318 [INFO] IPUIPlugin:80 - create IPUIPlugin
2024-01-28 00:23:00,318 [INFO] PluginManager:220 - loadIPPluginJar : add hash
2024-01-28 00:23:00,365 [INFO] IPUIPlugin:80 - create IPUIPlugin
2024-01-28 00:23:00,365 [INFO] PluginManager:220 - loadIPPluginJar : add i2c
2024-01-28 00:23:00,412 [INFO] IPUIPlugin:80 - create IPUIPlugin
2024-01-28 00:23:00,412 [INFO] PluginManager:220 - loadIPPluginJar : add i2s
2024-01-28 00:23:00,444 [INFO] IPUIPlugin:80 - create IPUIPlugin
2024-01-28 00:23:00,444 [INFO] PluginManager:220 - loadIPPluginJar : add i3c
2024-01-28 00:23:00,538 [INFO] IPUIPlugin:80 - create IPUIPlugin
2024-01-28 00:23:00,538 [INFO] PluginManager:220 - loadIPPluginJar : add ipddr
2024-01-28 00:23:00,600 [INFO] IPUIPlugin:80 - create IPUIPlugin
2024-01-28 00:23:00,600 [INFO] PluginManager:220 - loadIPPluginJar : add linkedlist
2024-01-28 00:23:00,632 [INFO] IPUIPlugin:80 - create IPUIPlugin
2024-01-28 00:23:00,632 [INFO] PluginManager:220 - loadIPPluginJar : add lorawan
2024-01-28 00:23:00,648 [INFO] IPUIPlugin:80 - create IPUIPlugin
2024-01-28 00:23:00,648 [INFO] PluginManager:220 - loadIPPluginJar : add ltdc
2024-01-28 00:23:00,664 [INFO] IPUIPlugin:80 - create IPUIPlugin
2024-01-28 00:23:00,664 [INFO] PluginManager:220 - loadIPPluginJar : add mdma
2024-01-28 00:23:00,680 [INFO] IPUIPlugin:80 - create IPUIPlugin
2024-01-28 00:23:00,680 [INFO] PluginManager:220 - loadIPPluginJar : add nvic
2024-01-28 00:23:00,711 [INFO] IPUIPlugin:80 - create IPUIPlugin
2024-01-28 00:23:00,711 [INFO] PluginManager:220 - loadIPPluginJar : add opamp
2024-01-28 00:23:00,758 [INFO] IPUIPlugin:80 - create IPUIPlugin
2024-01-28 00:23:00,758 [INFO] PluginManager:220 - loadIPPluginJar : add openamp
2024-01-28 00:23:00,789 [INFO] IPUIPlugin:80 - create IPUIPlugin
2024-01-28 00:23:00,789 [INFO] PluginManager:220 - loadIPPluginJar : add pdm2pcm
2024-01-28 00:23:00,805 [INFO] IPUIPlugin:80 - create IPUIPlugin
2024-01-28 00:23:00,805 [INFO] PluginManager:220 - loadIPPluginJar : add plateformsettings
2024-01-28 00:23:00,820 [INFO] IPUIPlugin:80 - create IPUIPlugin
2024-01-28 00:23:00,820 [INFO] PluginManager:220 - loadIPPluginJar : add quadspi
2024-01-28 00:23:00,836 [INFO] IPUIPlugin:80 - create IPUIPlugin
2024-01-28 00:23:00,836 [INFO] PluginManager:220 - loadIPPluginJar : add resmgrutility
2024-01-28 00:23:00,867 [INFO] IPUIPlugin:80 - create IPUIPlugin
2024-01-28 00:23:00,867 [INFO] PluginManager:220 - loadIPPluginJar : add sai
2024-01-28 00:23:00,898 [INFO] IPUIPlugin:80 - create IPUIPlugin
2024-01-28 00:23:00,898 [INFO] PluginManager:220 - loadIPPluginJar : add spi
2024-01-28 00:23:00,945 [INFO] IPUIPlugin:80 - create IPUIPlugin
2024-01-28 00:23:00,945 [INFO] PluginManager:220 - loadIPPluginJar : add stm32_wpan
2024-01-28 00:23:00,976 [INFO] IPUIPlugin:80 - create IPUIPlugin
2024-01-28 00:23:00,976 [INFO] PluginManager:220 - loadIPPluginJar : add tim
2024-01-28 00:23:01,008 [INFO] IPUIPlugin:80 - create IPUIPlugin
2024-01-28 00:23:01,008 [INFO] PluginManager:220 - loadIPPluginJar : add touchsensing
2024-01-28 00:23:01,024 [INFO] IPUIPlugin:80 - create IPUIPlugin
2024-01-28 00:23:01,024 [INFO] PluginManager:220 - loadIPPluginJar : add tracer_emb
2024-01-28 00:23:01,055 [INFO] IPUIPlugin:80 - create IPUIPlugin
2024-01-28 00:23:01,055 [INFO] PluginManager:220 - loadIPPluginJar : add ts
2024-01-28 00:23:01,071 [INFO] IPUIPlugin:80 - create IPUIPlugin
2024-01-28 00:23:01,071 [INFO] PluginManager:220 - loadIPPluginJar : add tsc
2024-01-28 00:23:01,086 [INFO] IPUIPlugin:80 - create IPUIPlugin
2024-01-28 00:23:01,086 [INFO] PluginManager:220 - loadIPPluginJar : add ucpd
2024-01-28 00:23:01,118 [INFO] IPUIPlugin:80 - create IPUIPlugin
2024-01-28 00:23:01,118 [INFO] PluginManager:220 - loadIPPluginJar : add usart
2024-01-28 00:23:01,149 [INFO] IPUIPlugin:80 - create IPUIPlugin
2024-01-28 00:23:01,149 [INFO] PluginManager:220 - loadIPPluginJar : add usbx
2024-01-28 00:23:01,277 [INFO] CADModel:165 - CPN selected for project level
2024-01-28 00:23:01,277 [INFO] CADModel:114 - Register for checkConnection events
2024-01-28 00:23:01,277 [FATAL] Updater:308 - Updater called before beeing initialized
2024-01-28 00:23:01,277 [ERROR] CADModel:125 - Updater not yet initialized, retry later 
2024-01-28 00:23:01,434 [INFO] CADModel:165 - CPN selected for project level
2024-01-28 00:23:01,434 [INFO] CADModel:114 - Register for checkConnection events
2024-01-28 00:23:01,434 [FATAL] Updater:308 - Updater called before beeing initialized
2024-01-28 00:23:01,434 [ERROR] CADModel:125 - Updater not yet initialized, retry later 
2024-01-28 00:23:01,434 [FATAL] Updater:308 - Updater called before beeing initialized
2024-01-28 00:23:01,529 [FATAL] Updater:308 - Updater called before beeing initialized
2024-01-28 00:23:01,545 [INFO] DbMcusAds:53 - JSON generation date=Wed Nov 29 17:52:27 ICT 2023 (1701255147349)
2024-01-28 00:23:01,545 [FATAL] Updater:308 - Updater called before beeing initialized
2024-01-28 00:23:01,641 [WARN] DetailPanel:346 - Failed to get advertising image, set to default
2024-01-28 00:23:01,845 [FATAL] Updater:308 - Updater called before beeing initialized
2024-01-28 00:23:01,845 [FATAL] Updater:308 - Updater called before beeing initialized
2024-01-28 00:23:01,845 [FATAL] Updater:308 - Updater called before beeing initialized
2024-01-28 00:23:01,845 [WARN] DetailPanel:346 - Failed to get advertising image, set to default
2024-01-28 00:23:01,845 [FATAL] Updater:308 - Updater called before beeing initialized
2024-01-28 00:23:01,908 [ERROR] Updater:1120 - MainUpdater not yet initialized. External WinMGr cannot be set.
2024-01-28 00:23:01,924 [INFO] Updater:1056 - Updater Version found : 6.8.0
2024-01-28 00:23:01,955 [INFO] ApplicationProperties:184 - Using Application install path: C:\ST\STM32CubeIDE_1.7.0\STM32CubeIDE\plugins\com.st.stm32cube.common.mx_6.8.0.202302231600
2024-01-28 00:23:02,112 [INFO] ThirdPartyUpdaterWithRetryManager:70 - Updater plugin not ready yet. [2/15]
2024-01-28 00:23:02,239 [INFO] MainUpdater:2854 - connection check result : 10
2024-01-28 00:23:02,239 [INFO] MainUpdater:283 - Updater Check For Update Now.
2024-01-28 00:23:02,239 [INFO] MicroXplorer:498 - Change Database Version : DB.6.0.80
2024-01-28 00:23:02,446 [INFO] CheckServerUpdateThread:120 - End of CheckServer Thread
2024-01-28 00:23:02,461 [INFO] MainUpdater:2854 - connection check result : 10
2024-01-28 00:23:02,461 [INFO] MainUpdater:2854 - connection check result : 10
2024-01-28 00:23:02,619 [INFO] MicroXplorer:468 - Change Database Path : 
2024-01-28 00:23:02,619 [INFO] MicroXplorer:498 - Change Database Version : DB.6.0.80
2024-01-28 00:23:02,619 [WARN] ThirdParty:871 - waiting for thirdparty lock release [close project]
2024-01-28 00:23:05,318 [WARN] PackLoader:240 - Cannot read IP mode file for STMicroelectronics.X-CUBE-SMBUS.2.1.0
2024-01-28 00:23:05,333 [WARN] PackLoader:240 - Cannot read IP mode file for STMicroelectronics.X-CUBE-TOUCHGFX.4.23.0
2024-01-28 00:23:05,380 [WARN] PackLoader:240 - Cannot read IP mode file for STMicroelectronics.X-CUBE-AZRTOS-F7.1.1.0
2024-01-28 00:23:05,396 [WARN] PackLoader:240 - Cannot read IP mode file for STMicroelectronics.FP-SNS-MOTENV1.4.3.2
2024-01-28 00:23:05,427 [WARN] PackLoader:240 - Cannot read IP mode file for STMicroelectronics.X-CUBE-BLE1.6.2.3
2024-01-28 00:23:05,427 [WARN] PackLoader:240 - Cannot read IP mode file for STMicroelectronics.X-CUBE-BLE1.6.2.4
2024-01-28 00:23:05,443 [WARN] PackLoader:240 - Cannot read IP mode file for STMicroelectronics.FP-SNS-FLIGHT1.5.0.2
2024-01-28 00:23:05,459 [WARN] PackLoader:240 - Cannot read IP mode file for STMicroelectronics.X-CUBE-TOF1.3.1.0
2024-01-28 00:23:05,475 [WARN] PackLoader:240 - Cannot read IP mode file for STMicroelectronics.X-CUBE-DISPLAY.3.0.0
2024-01-28 00:23:05,491 [WARN] PackLoader:240 - Cannot read IP mode file for STMicroelectronics.X-CUBE-BLE1.7.0.0
2024-01-28 00:23:05,507 [WARN] PackLoader:240 - Cannot read IP mode file for STMicroelectronics.X-CUBE-TOUCHGFX.4.22.0
2024-01-28 00:23:05,507 [WARN] PackLoader:240 - Cannot read IP mode file for STMicroelectronics.X-CUBE-TOUCHGFX.4.22.1
2024-01-28 00:23:05,554 [WARN] PackLoader:240 - Cannot read IP mode file for STMicroelectronics.X-CUBE-MEMS1.9.3.0
2024-01-28 00:23:05,712 [WARN] PackLoader:240 - Cannot read IP mode file for STMicroelectronics.X-CUBE-AI.7.2.0
2024-01-28 00:23:05,730 [WARN] PackLoader:240 - Cannot read IP mode file for STMicroelectronics.FP-SNS-SMARTAG2.1.2.0
